2020-11-30T11:17:32.4584103+05:30;VSTestExecutionThread;Info;SpecFlow+Runner execution started
2020-11-30T11:17:32.4584103+05:30;VSTestExecutionThread;Info;SpecFlow+Runner 3.5.8 in Framework clr40 in x86 mode execution started
2020-11-30T11:17:32.4584103+05:30;VSTestExecutionThread;Info;TestAdapter Location: C:\Users\gnaneshwar.kondapaka\Desktop\Assignments\ClassLibraryDotNetFrameWorkSolution\packages\SpecRun.Runner.3.5.8\tools\net461\TechTalk.SpecRun.VisualStudio.TestAdapter.dll
2020-11-30T11:17:32.4584103+05:30;VSTestExecutionThread;Info;Current UserName: 'gnaneshwar.kondapaka', MachineName: 'GGK-UPL-DEV-FC'
2020-11-30T11:17:32.5414160+05:30;VSTestExecutionThread;Info;SpecRun: running tests in C:\Users\gnaneshwar.kondapaka\Desktop\Assignments\ClassLibraryDotNetFrameWorkSolution\ClassLibraryDotNetFrameWork\bin\Debug\ClassLibraryDotNetFrameWork.dll
2020-11-30T11:17:32.5414160+05:30;VSTestExecutionThread;Info;Output folder configured to "C:\Users\gnaneshwar.kondapaka\Desktop\Assignments\ClassLibraryDotNetFrameWorkSolution\TestResults" (default)
2020-11-30T11:17:32.5414160+05:30;VSTestExecutionThread;Info;Profile: 
2020-11-30T11:17:32.6444224+05:30;VSTestExecutionThread;Info;Log file path: C:\Users\gnaneshwar.kondapaka\Desktop\Assignments\ClassLibraryDotNetFrameWorkSolution\TestResults\Unnamed project__2020-11-30T111732.log
2020-11-30T11:17:32.6544225+05:30;Thread#11;Info;Checking activation
2020-11-30T11:17:32.7484298+05:30;Thread#11;Info;Activated.
2020-11-30T11:17:32.7484298+05:30;Thread#11;Info;Activation check completed
2020-11-30T11:17:32.7484298+05:30;Thread#11;Info;Starting test run
2020-11-30T11:17:32.8094333+05:30;Thread#11;Info;Discovering target: Default
2020-11-30T11:17:32.8094333+05:30;Thread#11;Info;Discovering tests from assembly: C:\Users\gnaneshwar.kondapaka\Desktop\Assignments\ClassLibraryDotNetFrameWorkSolution\ClassLibraryDotNetFrameWork\bin\Debug\ClassLibraryDotNetFrameWork.dll
2020-11-30T11:17:33.3234636+05:30;Thread#11;Info;Discovered tests from assembly: C:\Users\gnaneshwar.kondapaka\Desktop\Assignments\ClassLibraryDotNetFrameWorkSolution\ClassLibraryDotNetFrameWork\bin\Debug\ClassLibraryDotNetFrameWork.dll
2020-11-30T11:17:33.3254660+05:30:Test Suite Dump
2020-11-30T11:17:33.3274656+05:30:#0: Unnamed project/ - 
2020-11-30T11:17:33.3274656+05:30:#1: Default - 
2020-11-30T11:17:33.3274656+05:30:#2: ClassLibraryDotNetFrameWork - 
2020-11-30T11:17:33.3274656+05:30:#11: Login - 
2020-11-30T11:17:33.3734688+05:30:#12: Logging in with valid credentials - TestAssembly:ClassLibraryDotNetFrameWork/Feature:Login/Scenario:Logging+in+with+valid+credentials
2020-11-30T11:17:33.3734688+05:30:#13: Logging in with Invalid credentials - TestAssembly:ClassLibraryDotNetFrameWork/Feature:Login/Scenario:Logging+in+with+Invalid+credentials
2020-11-30T11:17:33.3734688+05:30:End: Test Suite Dump
2020-11-30T11:17:33.4074714+05:30:Thread#0:Scheduler: get next test for thread 0
2020-11-30T11:17:33.4094710+05:30:Thread#:Scheduler: testitem #12 from normal test queue 
2020-11-30T11:17:33.4094710+05:30:Thread#0:Scheduler: considering testitem #12 for thread 0
2020-11-30T11:17:33.4154713+05:30:Thread#0:TestItem#12:testItemMatchesCurrentTestThread:UnSpecific
2020-11-30T11:17:33.4154713+05:30:Thread#0:TestItem#12:runsOnOneOtherThreadSpecific:False
2020-11-30T11:17:33.4154713+05:30:Thread#0:TestItem#12:runsOnOneOtherThreadUnspecific:False
2020-11-30T11:17:33.4154713+05:30:Thread#0:Scheduler: using testitem #12 for thread 0
2020-11-30T11:17:33.4174719+05:30:Thread#0:Scheduler: Test #12 is scheduled for thread
2020-11-30T11:17:33.4184719+05:30:Thread#0:Scheduler: with testItemExecutionIndex 0
2020-11-30T11:17:33.4214716+05:30:Thread #0: creating new test thread executor for ClassLibraryDotNetFrameWork, Version=1.0.0.0, Culture=neutral, PublicKeyToken=null (target: Default)
2020-11-30T11:17:33.4234717+05:30:Thread #0: Creating test assembly executor for execution model AppDomain
2020-11-30T11:17:33.4284720+05:30:Thread #0: Creating test assembly executor for execution model AppDomain
2020-11-30T11:17:33.4304730+05:30:Thread #0: using TechTalk.SpecRun.Framework.Execution.InProcess.InProcAppDomainTestAssemblyExecutorHost to execute tests
2020-11-30T11:17:34.1505184+05:30:Thread#0:T:-> Loading plugin C:\Users\gnaneshwar.kondapaka\Desktop\Assignments\ClassLibraryDotNetFrameWorkSolution\ClassLibraryDotNetFrameWork\bin\Debug\SpecRun.Runtime.SpecFlowPlugin.dll
2020-11-30T11:17:34.1635204+05:30:Thread#0:T:-> Using default config
2020-11-30T11:17:35.2765907+05:30:Thread#0: Test #12/0 is started on thread #0
2020-11-30T11:17:35.3135930+05:30:Thread#0:B:Given Browser is launced
2020-11-30T11:17:40.5848240+05:30:Thread#0:T:done: LoginSteps.GivenBrowserIsLaunced() (5.2s)
2020-11-30T11:17:40.5878241+05:30:Thread#0:B:And Navigated to QualityPoint Application
2020-11-30T11:17:44.5267316+05:30:Thread#0:T:done: LoginSteps.GivenNavigatedToQualityPointApplication() (3.9s)
2020-11-30T11:17:44.5337324+05:30:Thread#0:B:When Enter "AdminUserName" in UserName field and "AdminPassword" in Password field
2020-11-30T11:17:44.8637532+05:30:Thread#0:T:done: LoginSteps.WhenIEnterInUserNameAndInPassword("AdminUserName", "AdminPassword") (0.3s)
2020-11-30T11:17:44.8687544+05:30:Thread#0:B:And Click on login button
2020-11-30T11:17:48.6155612+05:30:Thread#0:T:done: LoginSteps.WhenClickOnLoginButton() (3.7s)
2020-11-30T11:17:48.6205623+05:30:Thread#0:B:Then Should be Navigated to "Report" Page
2020-11-30T11:17:48.6295622+05:30:Thread#0:T:done: LoginSteps.ThenShouldBeNavigatedToPage("Report") (0.0s)
2020-11-30T11:17:48.6335620+05:30:Thread#0:B:And Logout from the Application
2020-11-30T11:17:52.6618200+05:30:Thread#0:T:done: LoginSteps.ThenLogoutFromTheApplication() (4.0s)
2020-11-30T11:17:52.6838228+05:30:Thread#0:Scheduler: get next test for thread 0
2020-11-30T11:17:52.6838228+05:30:Thread#:Scheduler: testitem #13 from normal test queue 
2020-11-30T11:17:52.6838228+05:30:Thread#0:Scheduler: considering testitem #13 for thread 0
2020-11-30T11:17:52.6838228+05:30:Thread#0:TestItem#13:testItemMatchesCurrentTestThread:UnSpecific
2020-11-30T11:17:52.6838228+05:30:Thread#0:TestItem#13:runsOnOneOtherThreadSpecific:False
2020-11-30T11:17:52.6838228+05:30:Thread#0:TestItem#13:runsOnOneOtherThreadUnspecific:False
2020-11-30T11:17:52.6838228+05:30:Thread#0:Scheduler: using testitem #13 for thread 0
2020-11-30T11:17:52.6838228+05:30:Thread#0:Scheduler: Test #13 is scheduled for thread
2020-11-30T11:17:52.6838228+05:30:Thread#0:Scheduler: with testItemExecutionIndex 0
2020-11-30T11:17:52.7028229+05:30:Thread#0: Test #12/0 is finished on thread #0 as Succeeded within 17.4262322 seconds
2020-11-30T11:17:52.7098237+05:30:Thread#0: Test #13/0 is started on thread #0
2020-11-30T11:17:52.7148239+05:30:Thread#0:B:Given Browser is launced
2020-11-30T11:17:57.2992018+05:30:Thread#0:T:done: LoginSteps.GivenBrowserIsLaunced() (4.6s)
2020-11-30T11:17:57.3032020+05:30:Thread#0:B:And Navigated to QualityPoint Application
2020-11-30T11:18:15.0606876+05:30:Thread#0:T:done: LoginSteps.GivenNavigatedToQualityPointApplication() (17.8s)
2020-11-30T11:18:15.0736891+05:30:Thread#0:B:When Enter "InCorrectUserr" in UserName field and "InCorrectPassword" in Password field
2020-11-30T11:19:15.1548899+05:30:Thread#0:T:error: The HTTP request to the remote WebDriver server for URL http://localhost:58579/session/1e9cc5181ea002caaff985b2103b69c9/screenshot timed out after 60 seconds.
2020-11-30T11:19:15.1918930+05:30:Thread#0:B:And Click on login button
2020-11-30T11:19:15.1958928+05:30:Thread#0:T:skipped because of previous errors
2020-11-30T11:19:15.2038932+05:30:Thread#0:B:Then "LoginFailedMessage" error message should be displayed in Login Page
2020-11-30T11:19:15.2118936+05:30:Thread#0:T:skipped because of previous errors
2020-11-30T11:19:15.2158942+05:30:Thread#0:B:And Close the Application
2020-11-30T11:19:15.2208945+05:30:Thread#0:T:skipped because of previous errors
2020-11-30T11:19:15.2968991+05:30:Thread#0:TestItem#13:Scheduler: reschedule tests for testitem #13
2020-11-30T11:19:15.3048995+05:30:Thread#0:Scheduler: get next test for thread 0
2020-11-30T11:19:15.3048995+05:30:Thread#:Scheduler: dequeuing a rescheduled testitem: #13
2020-11-30T11:19:15.3048995+05:30:Thread#0:Scheduler: considering testitem #13 for thread 0
2020-11-30T11:19:15.3048995+05:30:Thread#0:TestItem#13:testItemMatchesCurrentTestThread:UnSpecific
2020-11-30T11:19:15.3048995+05:30:Thread#0:TestItem#13:runsOnOneOtherThreadSpecific:False
2020-11-30T11:19:15.3048995+05:30:Thread#0:TestItem#13:runsOnOneOtherThreadUnspecific:False
2020-11-30T11:19:15.3048995+05:30:Thread#0:Scheduler: using testitem #13 for thread 0
2020-11-30T11:19:15.3048995+05:30:Thread#0:Scheduler: Test #13 is scheduled for thread
2020-11-30T11:19:15.3048995+05:30:Thread#0:Scheduler: with testItemExecutionIndex 1
2020-11-30T11:19:15.3088993+05:30:Thread#0: Test #13/0 is finished on thread #0 as Failed within 82.5990756 seconds
2020-11-30T11:19:15.3149005+05:30:Thread#0: Test #13/1 is started on thread #0
2020-11-30T11:19:15.3178997+05:30:Thread#0:B:Given Browser is launced
2020-11-30T11:19:20.1682118+05:30:Thread#0:T:done: LoginSteps.GivenBrowserIsLaunced() (4.8s)
2020-11-30T11:19:20.1722120+05:30:Thread#0:B:And Navigated to QualityPoint Application
2020-11-30T11:19:23.2414011+05:30:Thread#0:T:done: LoginSteps.GivenNavigatedToQualityPointApplication() (3.1s)
2020-11-30T11:19:23.2464022+05:30:Thread#0:B:When Enter "InCorrectUserr" in UserName field and "InCorrectPassword" in Password field
2020-11-30T11:19:26.4582998+05:30:Thread#0:T:error:   Exception while Entering username and password, Exception : System.NullReferenceException: Object reference not set to an instance of an object.
2020-11-30T11:19:26.4623000+05:30:Thread#0:T:   at StepDefinations.LoginSteps.WhenIEnterInUserNameAndInPassword(String userName, String passWord) in C:\Users\gnaneshwar.kondapaka\Desktop\Assignments\ClassLibraryDotNetFrameWorkSolution\ClassLibraryDotNetFrameWork\StepDefinations\LoginSteps.cs:line 76
2020-11-30T11:19:26.4652997+05:30:Thread#0:T:  Expected: True
2020-11-30T11:19:26.4693008+05:30:Thread#0:T:  But was:  False
2020-11-30T11:19:26.4733001+05:30:Thread#0:B:And Click on login button
2020-11-30T11:19:26.4773003+05:30:Thread#0:T:skipped because of previous errors
2020-11-30T11:19:26.4813014+05:30:Thread#0:B:Then "LoginFailedMessage" error message should be displayed in Login Page
2020-11-30T11:19:26.4853016+05:30:Thread#0:T:skipped because of previous errors
2020-11-30T11:19:26.4883009+05:30:Thread#0:B:And Close the Application
2020-11-30T11:19:26.4923019+05:30:Thread#0:T:skipped because of previous errors
2020-11-30T11:19:26.5003023+05:30:Thread#0:Scheduler: get next test for thread 0
2020-11-30T11:19:26.5003023+05:30:Thread#:Scheduler: dequeuing a rescheduled testitem: #13
2020-11-30T11:19:26.5003023+05:30:Thread#0:Scheduler: considering testitem #13 for thread 0
2020-11-30T11:19:26.5003023+05:30:Thread#0:TestItem#13:testItemMatchesCurrentTestThread:UnSpecific
2020-11-30T11:19:26.5003023+05:30:Thread#0:TestItem#13:runsOnOneOtherThreadSpecific:False
2020-11-30T11:19:26.5003023+05:30:Thread#0:TestItem#13:runsOnOneOtherThreadUnspecific:False
2020-11-30T11:19:26.5003023+05:30:Thread#0:Scheduler: using testitem #13 for thread 0
2020-11-30T11:19:26.5003023+05:30:Thread#0:Scheduler: Test #13 is scheduled for thread
2020-11-30T11:19:26.5003023+05:30:Thread#0:Scheduler: with testItemExecutionIndex 2
2020-11-30T11:19:26.5053026+05:30:Thread#0: Test #13/1 is finished on thread #0 as Failed within 11.1904021 seconds
2020-11-30T11:19:26.5113024+05:30:Thread#0: Test #13/2 is started on thread #0
2020-11-30T11:19:26.5153035+05:30:Thread#0:B:Given Browser is launced
2020-11-30T11:19:31.0350352+05:30:Thread#0:T:done: LoginSteps.GivenBrowserIsLaunced() (4.5s)
2020-11-30T11:19:31.0390358+05:30:Thread#0:B:And Navigated to QualityPoint Application
2020-11-30T11:19:34.5462600+05:30:Thread#0:T:done: LoginSteps.GivenNavigatedToQualityPointApplication() (3.5s)
2020-11-30T11:19:34.5502606+05:30:Thread#0:B:When Enter "InCorrectUserr" in UserName field and "InCorrectPassword" in Password field
2020-11-30T11:19:38.8515299+05:30:Thread#0:T:error: Multiple failures or warnings in test:
2020-11-30T11:19:38.8555301+05:30:Thread#0:T:  1)   Exception while Entering username and password, Exception : System.NullReferenceException: Object reference not set to an instance of an object.
2020-11-30T11:19:38.8585294+05:30:Thread#0:T:   at StepDefinations.LoginSteps.WhenIEnterInUserNameAndInPassword(String userName, String passWord) in C:\Users\gnaneshwar.kondapaka\Desktop\Assignments\ClassLibraryDotNetFrameWorkSolution\ClassLibraryDotNetFrameWork\StepDefinations\LoginSteps.cs:line 76
2020-11-30T11:19:38.8625304+05:30:Thread#0:T:  Expected: True
2020-11-30T11:19:38.8665306+05:30:Thread#0:T:  But was:  False
2020-11-30T11:19:38.8705313+05:30:Thread#0:T:  2)   Exception while Entering username and password, Exception : System.NullReferenceException: Object reference not set to an instance of an object.
2020-11-30T11:19:38.8735305+05:30:Thread#0:T:   at StepDefinations.LoginSteps.WhenIEnterInUserNameAndInPassword(String userName, String passWord) in C:\Users\gnaneshwar.kondapaka\Desktop\Assignments\ClassLibraryDotNetFrameWorkSolution\ClassLibraryDotNetFrameWork\StepDefinations\LoginSteps.cs:line 76
2020-11-30T11:19:38.8775316+05:30:Thread#0:T:  Expected: True
2020-11-30T11:19:38.8815323+05:30:Thread#0:T:  But was:  False
2020-11-30T11:19:38.8855316+05:30:Thread#0:B:And Click on login button
2020-11-30T11:19:38.8895322+05:30:Thread#0:T:skipped because of previous errors
2020-11-30T11:19:38.8925315+05:30:Thread#0:B:Then "LoginFailedMessage" error message should be displayed in Login Page
2020-11-30T11:19:38.8965326+05:30:Thread#0:T:skipped because of previous errors
2020-11-30T11:19:38.9005332+05:30:Thread#0:B:And Close the Application
2020-11-30T11:19:38.9035325+05:30:Thread#0:T:skipped because of previous errors
2020-11-30T11:19:38.9115338+05:30:Thread#0:Scheduler: get next test for thread 0
2020-11-30T11:19:38.9115338+05:30:Thread#:Scheduler: at the end of normal test queue
2020-11-30T11:19:38.9115338+05:30:Thread#0:Scheduler: enumerator for thread is at end
2020-11-30T11:19:38.9115338+05:30:Thread#0:Scheduler: No more tests for thread
2020-11-30T11:19:38.9175336+05:30:Thread#0: Test #13/2 is finished on thread #0 as Failed within 12.4062312 seconds
2020-11-30T11:19:47.8380986+05:30:Trying to cancel thread
2020-11-30T11:19:47.8380986+05:30:Thread cancelled
2020-11-30T11:19:47.8460990+05:30:Thread#-1:Scheduler: get next test for thread -1
2020-11-30T11:19:47.8460990+05:30:Thread#:Scheduler: at the end of normal test queue
2020-11-30T11:19:47.8460990+05:30:Thread#-1:Scheduler: enumerator for thread is at end
2020-11-30T11:19:47.8540999+05:30;Thread#11;Info;test run finished
2020-11-30T11:19:47.8540999+05:30;Thread#11;Info;publishing test results
2020-11-30T11:19:47.8651004+05:30;Thread#11;Info;test results published
2020-11-30T11:19:47.8661000+05:30;Thread#11;Info;generating reports
2020-11-30T11:19:48.0251106+05:30;Thread#11;Info;Starting external report generation process
2020-11-30T11:19:50.7812868+05:30;Thread#11;Info;Successfully generated reports.
2020-11-30T11:19:50.7892876+05:30;Thread#11;Info;Successfully generated reports
2020-11-30T11:19:50.8022887+05:30:Total: 2 (test executions: 4)
2020-11-30T11:19:50.8042888+05:30:Succeeded: 1
2020-11-30T11:19:50.8042888+05:30:Ignored: 0
2020-11-30T11:19:50.8052884+05:30:Pending: 0
2020-11-30T11:19:50.8052884+05:30:Skipped: 0
2020-11-30T11:19:50.8052884+05:30:Failed: 1
2020-11-30T11:19:50.8192896+05:30;VSTestExecutionThread;Info;Adding attachments to VSTest
2020-11-30T11:19:50.8192896+05:30;VSTestExecutionThread;Info;adding Test Execution Report 'C:\Users\gnaneshwar.kondapaka\Desktop\Assignments\ClassLibraryDotNetFrameWorkSolution\TestResults\Unnamed project__2020-11-30T111732.html'
========== End of log file ==========
