<!DOCTYPE html>
<html>
	<head>
        <meta http-equiv="content-type" content="text/html; charset=UTF-8" />
		<title>Unnamed project Test Execution Report</title>
        <script type="text/javascript" src="http://code.jquery.com/jquery-1.6.2.min.js"></script>
        <script type="text/javascript">
            /**
            * jQuery.fn.sortElements
            * --------------
            * #author James Padolsey (http://james.padolsey.com)
            * #version 0.11
            * #updated 18-MAR-2010
            * #url https://raw.github.com/jamespadolsey/jQuery-Plugins/master/sortElements/jquery.sortElements.js
            * --------------
            * #param Function comparator:
            *   Exactly the same behaviour as [1,2,3].sort(comparator)
            *   
            * #param Function getSortable
            *   A function that should return the element that is
            *   to be sorted. The comparator will run on the
            *   current collection, but you may want the actual
            *   resulting sort to occur on a parent or another
            *   associated element.
            *   
            *   E.g. $('td').sortElements(comparator, function(){
            *      return this.parentNode; 
            *   })
            *   
            *   The <td>'s parent (<tr>) will be sorted instead
            *   of the <td> itself.
            */
            jQuery.fn.sortElements = (function () {

                var sort = [].sort;

                return function (comparator, getSortable) {

                    getSortable = getSortable || function () { return this; };

                    var placements = this.map(function () {

                        var sortElement = getSortable.call(this),
                parentNode = sortElement.parentNode,

                        // Since the element itself will change position, we have
                        // to have some way of storing it's original position in
                        // the DOM. The easiest way is to have a 'flag' node:
                nextSibling = parentNode.insertBefore(
                    document.createTextNode(''),
                    sortElement.nextSibling
                );

                        return function () {

                            if (parentNode === this) {
                                throw new Error(
                        "You can't sort elements if any one is a descendant of another."
                    );
                            }

                            // Insert before flag:
                            parentNode.insertBefore(this, nextSibling);
                            // Remove flag:
                            parentNode.removeChild(nextSibling);

                        };

                    });

                    return sort.call(this, comparator).each(function (i) {
                        placements[i].call(getSortable.call(this));
                    });

                };

            })();
        </script>
        <script type="text/javascript">
            jQuery.fn.setBarSizes = (function () {
                return function (metricName, maxBarSize, min) {
                    var max = Math.max.apply(Math, $.makeArray($(this).map(function () { return Number($(this).attr('data-sr-' + metricName)); })));
                    var scale = 1.0;
                    while (max > 0.0 && max <= 10.0) {
                        scale = scale * 10.0;
                        max = max * 10.0;
                    }
                    max = (Math.ceil(max / 2) * 2) / scale;

                    this.each(function () {
                        var barAnchor = $(this).find('a');
                        var actual = $(this).attr('data-sr-' + metricName);
                        var newHeight = Math.max(Math.round(maxBarSize * (actual - min) / (max - min)), 2);
                        barAnchor.css({ height: newHeight });
                    });

                    var unit = "";
                    if (metricName.substr(metricName.length - 4, 4) === "time")
                        unit = "s";

                    $('#testview .scale-min-label').each(function () {
                        $(this).text(min.toString() + unit);
                    });
                    $('#testview .scale-max-label').each(function () {
                        $(this).text(max.toString() + unit);
                    });
                    var mid = max / 2;
                    $('#testview .scale-mid-label').each(function () {
                        $(this).text(mid.toString() + unit);
                    });
                };
            })();

            function getComparer(metricName, isDesc) {
                return function (a, b) {
                    var aNumber = Number($(a).attr('data-sr-' + metricName));
                    var bNumber = Number($(b).attr('data-sr-' + metricName));
                    var result = aNumber > bNumber ? 1 : (aNumber < bNumber ? -1 : 0);
                    if (isDesc)
                        result = -1 * result;

                    if (result == 0 && metricName != "order")
                        result = getComparer("order", false)(a, b);

                    return result;
                };
            }

            var currentSort = "";
            function doSort(allowToggleDesc) {
                var newSort = $("input[name='barSortOrder']:checked").val();
                if (allowToggleDesc && currentSort == newSort) {
                    $('#barSortDesc').click();
                    doSort(false);
                    return;
                }
                currentSort = newSort;
                $('#testview td.testview-item').sortElements(getComparer(newSort, $('#barSortDesc').is(':checked')));
            }


            function doSetHeights(allowSort) {
                var selectedMetric = $("input[name='barHeight']:checked").val();
                $('#testview td.testview-item').setBarSizes(selectedMetric, 60, 0.0);

                if (allowSort && currentSort != selectedMetric) {
                    var $radios = $("input[name='barSortOrder']");
                    $radios.filter('[value=' + selectedMetric + ']').attr('checked', true);
                    $("#barSortDesc").attr("checked", [true]);
                    doSort(false);
                }
            }

            $(document).ready(function () {
                $("input[name='barSortOrder']").click(function () { doSort(true); return true; });
                $("input[name='barSortDesc']").change(function () { doSort(false); });
                $("input[name='barHeight']").change(function () { doSetHeights(true); });

                doSort(false);
                doSetHeights(false);

                $("div.scrollable").css({ 'overflow': 'auto' });
            });
        </script>

        <style type="text/css">
            body 
            {
                color: #000000;
                font-family: Arial,Liberation Sans,DejaVu Sans,sans-serif;
                line-height: 130%;
            }
            h1 {
                font-family: Trebuchet MS,Liberation Sans,DejaVu Sans,sans-serif;
                font-size: 170%;
                font-weight: bold;
            }            
            h2 {
                font-family: Trebuchet MS,Liberation Sans,DejaVu Sans,sans-serif;
                font-size: 130%;
                font-weight: bold;
                margin-bottom: 5px;
            }            
            h3 {
                font-family: Trebuchet MS,Liberation Sans,DejaVu Sans,sans-serif;
                font-size: 120%;
                font-weight: bold;
                margin-bottom: 5px;
            }            
            a.bar
            {
                text-decoration: none;
                display: block;
                line-height: 1px;
            }
            .description
            {
                font-style: italic;
            }
            .log 
            {
                width: 600px;
                white-space: pre-wrap;
                display: block;
                margin: 0px;
            }
            .errorMessage 
            {
                width: 600px;
                color: Red;
                font-weight: bold;
            }
            .stackTrace 
            {
                width: 600px;
                white-space: pre-wrap;
                font-style: italic;
                color: Red;
                display: block;
            }
            table.testEvents
            {
                border: solid 1px #e8eef4;
                border-collapse: collapse;
            }
            table.testEvents td
            {
                vertical-align: top;
                padding: 5px;
                border: solid 1px #e8eef4;
            }
            table.testEvents th
            {
                padding: 6px 5px;
                text-align: left;
                background-color: #e8eef4;
                border: solid 1px #e8eef4;                
            }
            .comment
            {
                font-style: italic;
                font-size: smaller;
            }
            .startupBar
            {
                background-color: #EEEEEE;
                cursor: default;
            }
            
            .colorSucceeded
            {
                background-color: #90ED7B;
            }
            .colorIgnored
            {
                background-color: #FFFF85;
            }
            .colorPending
            {
                background-color: #D47BED;
            }
            .colorNothingToRun
            {
                background-color: #CCCCFF;
            }
            .colorSkipped
            {
                background-color: #CCCCFF;
            }
            .colorInconclusive
            {
                background-color: #7BEDED;
            }
            .colorCleanupFailed
            {
                background-color: #FFCCCC;
            }
            .colorRandomlyFailed
            {
                background-color: #EDB07B;
            }
            .colorFailed
            {
                background-color: #ED5F5F;
            }
            .colorInitializationFailed
            {
                background-color: #FF0000;
            }
            .colorFrameworkError
            {
                background-color: #FF0000;
            }
            ul.subNodeLinks
            {
                padding-left: 20px;
                margin: 0px;
            }
            ul.subNodeLinks li
            {
                list-style: none;
            }
            
            /* views general */
            div.scrollable
            {
                /*overflow: auto; - thsi has to be set from js, because of an IE9 bug */
            }
            div.viewbox
            {
                position: relative;
                border: 3px solid #e8eef4;
            }
            div.viewbox table
            {
                border: 0px;
            }
                        
            /* testview */
            #testview
            {
                padding-top: 23px;
            }
            
            table.testview-items td
            {
                vertical-align: bottom;
                padding: 0px 1px 0px 1px;
            }
            td.right-padding, td.left-padding
            {
                width: 25px;
                min-width: 25px;
            }
            table.testview-items a.bar
            {
                width: 5px;
            }
            table.testview-items tr.testview-items-row
            {
                height: 60px;
            }
            
            /* scale */
            table.vertical-scale 
            {
                position: absolute;
                top: 23px;
                left: 0px;
                width: 100%;
                z-index: -100;
            }
            table.vertical-scale td, tr.horizontal-scale td
            {
                font-size: 60%;
                line-height: normal;
            }
            table.vertical-scale tr.scale-max, table.vertical-scale tr.scale-mid 
            {
                height: 30px;
            }
            tr.horizontal-scale, table.vertical-scale tr.scale-min 
            {
                height: 12px;
            }
            
            td.scale-max-label, td.scale-mid-label, td.scale-min-label
            {
                border-top: solid 1px #E6E6E6;
                text-align: left;
                vertical-align: top;
            }
            td.scale-10-label
            {
                border-left: solid 1px #E6E6E6;
                text-align: left;
                vertical-align: bottom;
                padding-left: 1px;
            }
            tr.scale-mid td, tr.scale-min td, tr.scale-max td
            {
                border-top: solid 1px #E6E6E6;
            }
           
            
            /* bar-control */
            #bar-control
            {
                font-size: 60%;
                line-height: normal;
                position: absolute;
                right: 0px;
                top: 0px;
            }
            #bar-control label
            {
                font-weight: bold;
                vertical-align: middle;
            }
            #bar-control .option
            {
                vertical-align: middle;
                text-transform: lowercase;
            }
            #bar-control input[type="checkbox"]
            {
                padding: 0 2px 0 3px;
            }
            #bar-control input
            {
                vertical-align: top;
                height: 12px;
                margin: 0px;
                padding: 0px;
            }
            #bar-control div
            {
                float: right;
                margin: 3px 5px 3px 5px;
            }

            /* timeline view */
            #timelineview
            {
                padding-top: 5px;
            }
            table.timelineview a
            {
                height: 20px;
            }
            table.timelineview td
            {
                vertical-align: bottom;
                padding: 0px 1px 0px 0px;
                border: 0px;
            }
            tr.thread-items-row
            {
                height: 25px;
            }
            tr.thread-items-row td
            {
                vertical-align: bottom;
            }
            td.thread-label
            {
                padding: 0px 6px 0px 6px;
                text-align: right;
                line-height: 18px;
                vertical-align: bottom;
            }
            th.thread-label
            {
                padding: 3px 6px 0px 6px;
                line-height: 18px;
                text-align: left;
                vertical-align: bottom;
            }
        </style>
	</head>
	<body>
        <h1>Unnamed project Test Execution Report</h1>
        
    <ul>
        <li>Project: Unnamed project</li>
        <li>Configuration: </li>
        <li>Test Assemblies: C:\Users\gnaneshwar.kondapaka\Desktop\Assignments\ClassLibraryDotNetFrameWorkSolution\ClassLibraryDotNetFrameWork\bin\Debug\ClassLibraryDotNetFrameWork.dll</li>
        <li>Start Time: 11/30/2020 12:31:58 PM</li>
        <li>Duration: 00:02:39.9562289</li>
        <li>Test Threads: 1</li>
    </ul>


        <h2>Result: 1 failed</h2>
        <table class="testEvents">
                <tr>
        <th colspan="2">Success rate</th>
        <th>Tests</th>
        <th>Succeeded</th>
        <th>Failed</th>
        <th>Pending</th>
        <th>Ignored</th>
        <th>Skipped</th>
    </tr>

                <td>
            50%
    </td>
    <td>
            <table class="timelineview" cellpadding="0" cellspacing="0">
        <tr>
    <td>
        <a class="bar colorSucceeded" 
           style="width: 99px;" 
           title="1 succeeded" 
                   ></a>
    </td>
    <td>
        <a class="bar colorFailed" 
           style="width: 99px;" 
           title="1 failed" 
                          href="#error_summary"
        ></a>
    </td>
        </tr>
    </table>

    </td>
    <td>2 (test executions: 4)</td>
    <td>1</td>
    <td>1</td>
    <td>0</td>
    <td>0</td>
    <td>0</td>

        </table>
        
        <h2>Test Timeline Summary</h2>

        <div id="timelineview" class="viewbox">
            <div class="scrollable">
                <table cellpadding="0" cellspacing="0">
                    <tr>
                        <th class="thread-label" colspan="2">thread</th>
                    </tr>
                        <tr class="thread-items-row">
                            <td class="thread-label" title="Machine: GGK-UPL-DEV-FC">#0</td>
                            <td colspan="1">
                                <table class="timelineview" cellpadding="0" cellspacing="0">
                                    <tr>

                                            <td>
        <a
            class="bar startupBar" 
            style="width: 3px;" 
                title="test thread startup" 
        >&nbsp;</a>
    </td>

    <td>
        <a
            class="bar colorFailed" 
            style="width: 13px;" 
                title="Logging in with valid credentials (in Login)" 
                href="#t-1048477137.0"
        >&nbsp;</a>
    </td>
    <td>
        <a
            class="bar colorFailed" 
            style="width: 3px;" 
                title="Logging in with valid credentials (in Login) retry #1" 
                href="#t-1048477137.1"
        >&nbsp;</a>
    </td>
    <td>
        <a
            class="bar colorFailed" 
            style="width: 3px;" 
                title="Logging in with valid credentials (in Login) retry #2" 
                href="#t-1048477137.2"
        >&nbsp;</a>
    </td>
    <td>
        <a
            class="bar colorSucceeded" 
            style="width: 3px;" 
                title="Logging in with Invalid credentials (in Login)" 
                href="#t-665947594.0"
        >&nbsp;</a>
    </td>
                                    </tr>
                                </table>
                            </td>
                        </tr>
                    <tr class="horizontal-scale">
                        <td>&nbsp;</td>
                        <td class="scale-10-label">0s</td>
                    </tr>
                </table>
            </div>
        </div>

        
    <h2>Test Result View</h2>
    <div id="testview" class="viewbox">
        <div id="bar-control">
            <div id="bar-control-sort">
                <label>sort by:</label>
                <span class="option"><input type="radio" name="barSortOrder" value="exectime" />Time</span>
                <span class="option"><input type="radio" name="barSortOrder" value="acttime" />Act Time</span>
                <span class="option"><input type="radio" name="barSortOrder" value="order" />Execution</span>
                <span class="option"><input type="radio" name="barSortOrder" value="rescode" checked="checked" />Result</span>
                <span class="option"><input type="checkbox" name="barSortDesc" id="barSortDesc" checked="checked" />desc</span>
            </div>
            <div id="bar-control-heights">
                <label>heights:</label>
                <span class="option"><input type="radio" checked="checked" name="barHeight" value="exectime" />Time</span>
                <span class="option"><input type="radio" name="barHeight" value="acttime" />Act Time</span>
            </div>
        </div>
        <table class="vertical-scale" cellpadding="0" cellspacing="0">
            <tr class="scale-max">
                <td class="left-padding scale-max-label">&nbsp;</td>
                <td colspan="4">&nbsp;</td>
                <td class="right-padding">&nbsp;</td>
            </tr>
            <tr class="scale-mid">
                <td class="left-padding scale-mid-label">&nbsp;</td>
                <td colspan="4">&nbsp;</td>
                <td class="right-padding">&nbsp;</td>
            </tr>
            <tr class="scale-min">
                <td class="left-padding scale-min-label">&nbsp;</td>
                <td colspan="4">&nbsp;</td>
                <td class="right-padding">&nbsp;</td>
            </tr>
        </table>
        <div class="scrollable">
            <table class="testview-items" cellpadding="0" cellspacing="0">
                <tr class="testview-items-row">
                    <td class="left-padding">&nbsp;</td>
    <td class="testview-item" 
        data-sr-exectime="12.0166211" data-sr-rescode="110" data-sr-order="3" data-sr-acttime="2.134">
        <a
            class="bar colorSucceeded" 
            style="height: 7px;"
            title="Logging in with Invalid credentials (in Login)"
            href="#t-665947594.0">&nbsp;</a>
    </td>
    <td class="testview-item" 
        data-sr-exectime="100.1814453" data-sr-rescode="540" data-sr-order="0" data-sr-acttime="13.016">
        <a
            class="bar colorFailed" 
            style="height: 60px;"
            title="Logging in with valid credentials (in Login)"
            href="#t-1048477137.0">&nbsp;</a>
    </td>
    <td class="testview-item" 
        data-sr-exectime="19.6359511" data-sr-rescode="540" data-sr-order="1" data-sr-acttime="4.543">
        <a
            class="bar colorFailed" 
            style="height: 12px;"
            title="Logging in with valid credentials (in Login) retry #1"
            href="#t-1048477137.1">&nbsp;</a>
    </td>
    <td class="testview-item" 
        data-sr-exectime="18.1425559" data-sr-rescode="540" data-sr-order="2" data-sr-acttime="3.276">
        <a
            class="bar colorFailed" 
            style="height: 11px;"
            title="Logging in with valid credentials (in Login) retry #2"
            href="#t-1048477137.2">&nbsp;</a>
    </td>
                    <td class="right-padding">&nbsp;</td>
                </tr>
                <tr class="horizontal-scale">
                    <td class="left-padding">&nbsp;</td>
                    <td colspan="10">&nbsp;</td>
                </tr>
            </table>
        </div>
    </div>

        
        
    <h2>Feature Summary</h2>
    <table class="testEvents">
            <tr>
            <th>Feature</th>
        <th colspan="2">Success rate</th>
        <th>Tests</th>
        <th>Succeeded</th>
        <th>Failed</th>
        <th>Pending</th>
        <th>Ignored</th>
        <th>Skipped</th>
            <th>Duration</th>
    </tr>


            <tr>
                <td><a href="#f1775250741">Login</a></td>
                    <td>
            25%
    </td>
    <td>
            <table class="timelineview" cellpadding="0" cellspacing="0">
        <tr>
    <td>
        <a class="bar colorSucceeded" 
           style="width: 99px;" 
           title="1 succeeded" 
                   ></a>
    </td>
    <td>
        <a class="bar colorFailed" 
           style="width: 299px;" 
           title="1 failed" 
                          href="#error_summary"
        ></a>
    </td>
        </tr>
    </table>

    </td>
    <td>2 (test executions: 4)</td>
    <td>1</td>
    <td>3</td>
    <td>0</td>
    <td>0</td>
    <td>0</td>
        <td>00:02:29.9765734</td>

            </tr>
    </table>


        <a name="error_summary" />
        <h2>Error Summary</h2>
        <table class="testEvents">
                <tr>
            <th>Test</th>
        <th colspan="2">Success rate</th>
        <th>Tests</th>
        <th>Succeeded</th>
        <th>Failed</th>
        <th>Pending</th>
        <th>Ignored</th>
        <th>Skipped</th>
    </tr>

                <tr>
                    <td>
                        <a href="#t-1048477137.0">Logging in with valid credentials (in ClassLibraryDotNetFrameWork, Login)</a>
                            <a href="#t-1048477137.1">retry #1</a>
                            <a href="#t-1048477137.2">retry #2</a>
                    </td>
                        <td>
            0%
    </td>
    <td>
            <table class="timelineview" cellpadding="0" cellspacing="0">
        <tr>
    <td>
        <a class="bar colorFailed" 
           style="width: 599px;" 
           title="1 failed" 
                          href="#error_summary"
        ></a>
    </td>
        </tr>
    </table>

    </td>
    <td>1 (test executions: 3)</td>
    <td>0</td>
    <td>3</td>
    <td>0</td>
    <td>0</td>
    <td>0</td>

                </tr>
                <tr>
                    <td colspan="9" style="padding-left: 20px;"><div class="errorMessage">Error: The HTTP request to the remote WebDriver server for URL http://localhost:64353/session/07ce0a7509ed70ac1922c7f05c27e2aa/screenshot timed out after 60 seconds. -&gt; The operation has timed out, retry #1: Multiple failures or warnings in test:
  1)   Expected string length 39 but was 48. Strings differ at index 0.
  Expected: &quot;Online Timesheet • Qualitypointtech.com&quot;
  But was:  &quot;Report - Online Timesheet • Qualitypointtech.com&quot;
  -----------^

  2)   Expected string length 57 but was 56. Strings differ at index 1.
  Expected: &quot;Y ou have been logged out. Thank you for using Timesheet.&quot;
  But was:  &quot;You have been logged out. Thank you for using Timesheet.&quot;
  ------------^

  3)   Exception while closing the browser : NUnit.Framework.AssertionException: Multiple failures or warnings in test:
  1)   Expected string length 39 but was 48. Strings differ at index 0.
  Expected: &quot;Online Timesheet • Qualitypointtech.com&quot;
  But was:  &quot;Report - Online Timesheet • Qualitypointtech.com&quot;
  -----------^

  2)   Expected string length 57 but was 56. Strings differ at index 1.
  Expected: &quot;Y ou have been logged out. Thank you for using Timesheet.&quot;
  But was:  &quot;You have been logged out. Thank you for using Timesheet.&quot;
  ------------^


   at NUnit.Framework.Assert.ReportFailure(String message) in D:\a\1\s\src\NUnitFramework\framework\Assert.cs:line 394
   at NUnit.Framework.Assert.ReportFailure(ConstraintResult result, String message, Object[] args) in D:\a\1\s\src\NUnitFramework\framework\Assert.cs:line 382
   at NUnit.Framework.Assert.That[TActual](TActual actual, IResolveConstraint expression, String message, Object[] args) in D:\a\1\s\src\NUnitFramework\framework\Assert.That.cs:line 240
   at NUnit.Framework.Assert.AreEqual(Object expected, Object actual) in D:\a\1\s\src\NUnitFramework\framework\Assert.Equality.cs:line 128
   at StepDefinations.LoginSteps.ThenLogoutFromTheApplication() in C:\Users\gnaneshwar.kondapaka\Desktop\Assignments\ClassLibraryDotNetFrameWorkSolution\ClassLibraryDotNetFrameWork\StepDefinations\LoginSteps.cs:line 127
  Expected: True
  But was:  False

, retry #2: Multiple failures or warnings in test:
  1)   Expected string length 39 but was 48. Strings differ at index 0.
  Expected: &quot;Online Timesheet • Qualitypointtech.com&quot;
  But was:  &quot;Report - Online Timesheet • Qualitypointtech.com&quot;
  -----------^

  2)   Expected string length 57 but was 56. Strings differ at index 1.
  Expected: &quot;Y ou have been logged out. Thank you for using Timesheet.&quot;
  But was:  &quot;You have been logged out. Thank you for using Timesheet.&quot;
  ------------^

  3)   Exception while closing the browser : NUnit.Framework.AssertionException: Multiple failures or warnings in test:
  1)   Expected string length 39 but was 48. Strings differ at index 0.
  Expected: &quot;Online Timesheet • Qualitypointtech.com&quot;
  But was:  &quot;Report - Online Timesheet • Qualitypointtech.com&quot;
  -----------^

  2)   Expected string length 57 but was 56. Strings differ at index 1.
  Expected: &quot;Y ou have been logged out. Thank you for using Timesheet.&quot;
  But was:  &quot;You have been logged out. Thank you for using Timesheet.&quot;
  ------------^


   at NUnit.Framework.Assert.ReportFailure(String message) in D:\a\1\s\src\NUnitFramework\framework\Assert.cs:line 394
   at NUnit.Framework.Assert.ReportFailure(ConstraintResult result, String message, Object[] args) in D:\a\1\s\src\NUnitFramework\framework\Assert.cs:line 382
   at NUnit.Framework.Assert.That[TActual](TActual actual, IResolveConstraint expression, String message, Object[] args) in D:\a\1\s\src\NUnitFramework\framework\Assert.That.cs:line 240
   at NUnit.Framework.Assert.AreEqual(Object expected, Object actual) in D:\a\1\s\src\NUnitFramework\framework\Assert.Equality.cs:line 128
   at StepDefinations.LoginSteps.ThenLogoutFromTheApplication() in C:\Users\gnaneshwar.kondapaka\Desktop\Assignments\ClassLibraryDotNetFrameWorkSolution\ClassLibraryDotNetFrameWork\StepDefinations\LoginSteps.cs:line 127
  Expected: True
  But was:  False

  4)   Expected string length 57 but was 56. Strings differ at index 1.
  Expected: &quot;Y ou have been logged out. Thank you for using Timesheet.&quot;
  But was:  &quot;You have been logged out. Thank you for using Timesheet.&quot;
  ------------^

  5)   Exception while closing the browser : NUnit.Framework.AssertionException: Multiple failures or warnings in test:
  1)   Expected string length 39 but was 48. Strings differ at index 0.
  Expected: &quot;Online Timesheet • Qualitypointtech.com&quot;
  But was:  &quot;Report - Online Timesheet • Qualitypointtech.com&quot;
  -----------^

  2)   Expected string length 57 but was 56. Strings differ at index 1.
  Expected: &quot;Y ou have been logged out. Thank you for using Timesheet.&quot;
  But was:  &quot;You have been logged out. Thank you for using Timesheet.&quot;
  ------------^

  3)   Exception while closing the browser : NUnit.Framework.AssertionException: Multiple failures or warnings in test:
  1)   Expected string length 39 but was 48. Strings differ at index 0.
  Expected: &quot;Online Timesheet • Qualitypointtech.com&quot;
  But was:  &quot;Report - Online Timesheet • Qualitypointtech.com&quot;
  -----------^

  2)   Expected string length 57 but was 56. Strings differ at index 1.
  Expected: &quot;Y ou have been logged out. Thank you for using Timesheet.&quot;
  But was:  &quot;You have been logged out. Thank you for using Timesheet.&quot;
  ------------^


   at NUnit.Framework.Assert.ReportFailure(String message) in D:\a\1\s\src\NUnitFramework\framework\Assert.cs:line 394
   at NUnit.Framework.Assert.ReportFailure(ConstraintResult result, String message, Object[] args) in D:\a\1\s\src\NUnitFramework\framework\Assert.cs:line 382
   at NUnit.Framework.Assert.That[TActual](TActual actual, IResolveConstraint expression, String message, Object[] args) in D:\a\1\s\src\NUnitFramework\framework\Assert.That.cs:line 240
   at NUnit.Framework.Assert.AreEqual(Object expected, Object actual) in D:\a\1\s\src\NUnitFramework\framework\Assert.Equality.cs:line 128
   at StepDefinations.LoginSteps.ThenLogoutFromTheApplication() in C:\Users\gnaneshwar.kondapaka\Desktop\Assignments\ClassLibraryDotNetFrameWorkSolution\ClassLibraryDotNetFrameWork\StepDefinations\LoginSteps.cs:line 127
  Expected: True
  But was:  False

  4)   Expected string length 57 but was 56. Strings differ at index 1.
  Expected: &quot;Y ou have been logged out. Thank you for using Timesheet.&quot;
  But was:  &quot;You have been logged out. Thank you for using Timesheet.&quot;
  ------------^


   at NUnit.Framework.Assert.ReportFailure(String message) in D:\a\1\s\src\NUnitFramework\framework\Assert.cs:line 394
   at NUnit.Framework.Assert.ReportFailure(ConstraintResult result, String message, Object[] args) in D:\a\1\s\src\NUnitFramework\framework\Assert.cs:line 382
   at NUnit.Framework.Assert.That[TActual](TActual actual, IResolveConstraint expression, String message, Object[] args) in D:\a\1\s\src\NUnitFramework\framework\Assert.That.cs:line 240
   at NUnit.Framework.Assert.AreEqual(Object expected, Object actual) in D:\a\1\s\src\NUnitFramework\framework\Assert.Equality.cs:line 128
   at StepDefinations.LoginSteps.ThenLogoutFromTheApplication() in C:\Users\gnaneshwar.kondapaka\Desktop\Assignments\ClassLibraryDotNetFrameWorkSolution\ClassLibraryDotNetFrameWork\StepDefinations\LoginSteps.cs:line 127
  Expected: True
  But was:  False

</div></td>
                </tr>
        </table>

        <h2>Scenario Summary</h2>
            <a name="f1775250741" />
            <h3>Feature: Login</h3>
                <div class="description"><pre>	User should be allowed to login only with valid
	credentials.</pre>
                </div>
            <table class="testEvents">
                    <tr>
            <th>Test</th>
        <th colspan="2">Success rate</th>
        <th>Tests</th>
        <th>Succeeded</th>
        <th>Failed</th>
        <th>Pending</th>
        <th>Ignored</th>
        <th>Skipped</th>
            <th>Duration</th>
    </tr>

                    <tr>
                        <td>
                                    <a href="#t-1048477137.0">Scenario: Logging in with valid credentials</a>
            <a href="#t-1048477137.1">retry #1</a>
            <a href="#t-1048477137.2">retry #2</a>

                        </td>
                        
                            <td>
            0%
    </td>
    <td>
            <table class="timelineview" cellpadding="0" cellspacing="0">
        <tr>
    <td>
        <a class="bar colorFailed" 
           style="width: 599px;" 
           title="1 failed" 
                          href="#error_summary"
        ></a>
    </td>
        </tr>
    </table>

    </td>
    <td>1 (test executions: 3)</td>
    <td>0</td>
    <td>3</td>
    <td>0</td>
    <td>0</td>
    <td>0</td>
        <td>00:02:17.9599523</td>

                        
                    </tr>
                    <tr>
                        <td>
                                    <a href="#t-665947594.0">Scenario: Logging in with Invalid credentials</a>

                        </td>
                        
                            <td>
            100%
    </td>
    <td>
            <table class="timelineview" cellpadding="0" cellspacing="0">
        <tr>
    <td>
        <a class="bar colorSucceeded" 
           style="width: 199px;" 
           title="1 succeeded" 
                   ></a>
    </td>
        </tr>
    </table>

    </td>
    <td>1</td>
    <td>1</td>
    <td>0</td>
    <td>0</td>
    <td>0</td>
    <td>0</td>
        <td>00:00:12.0166211</td>

                        
                    </tr>
            </table>

        <h2>Execution Details</h2>
            <a name="t-1048477137.0" />
            <h3>Scenario: Logging in with valid credentials (in ClassLibraryDotNetFrameWork, Login)</h3>
            <ul>
                <li>Status: Failed</li>
                <li>Start time: 11/30/2020 12:32:00 PM</li>
                <li>Execution time (sec): 100.1814453</li>
                <li>Thread: #0</li>
                <li>Error: The HTTP request to the remote WebDriver server for URL http://localhost:64353/session/07ce0a7509ed70ac1922c7f05c27e2aa/screenshot timed out after 60 seconds. -&gt; The operation has timed out</li>
            </ul>
            <table class="testEvents">
                <tr>
                    <th>Steps</th>
                    <th>Trace</th>
                    <th>Result</th>
                </tr>
                    <tr>
                        <td>
                            <pre class="log">Given Browser is launced</pre>
                        </td>
                        <td>
                            <!-- [TestArrange: Scenario - Logging in with valid credentials] -->
                            <pre class="log">done: LoginSteps.GivenBrowserIsLaunced() (14.6s)</pre>
                        </td>
                        <td>Succeeded in 14.718s</td>
                    </tr>
                    <tr>
                        <td>
                            <pre class="log">And Navigated to QualityPoint Application</pre>
                        </td>
                        <td>
                            <!-- [TestArrange: Scenario - Logging in with valid credentials] -->
                            <pre class="log">done: LoginSteps.GivenNavigatedToQualityPointApplication() (10.3s)</pre>
                        </td>
                        <td>Succeeded in 10.284s</td>
                    </tr>
                    <tr>
                        <td>
                            <pre class="log">When Enter &quot;AdminUserName&quot; in UserName field and &quot;AdminPassword&quot; in Password field</pre>
                        </td>
                        <td>
                            <!-- [TestAct: Scenario - Logging in with valid credentials] -->
                            <pre class="log">done: LoginSteps.WhenIEnterInUserNameAndInPassword(&quot;AdminUserName&quot;, &quot;AdminPassword&quot;) (0.8s)</pre>
                        </td>
                        <td>Succeeded in 0.779s</td>
                    </tr>
                    <tr>
                        <td>
                            <pre class="log">And Click on login button</pre>
                        </td>
                        <td>
                            <!-- [TestAct: Scenario - Logging in with valid credentials] -->
                            <pre class="log">done: LoginSteps.WhenClickOnLoginButton() (12.2s)</pre>
                        </td>
                        <td>Succeeded in 12.237s</td>
                    </tr>
                    <tr>
                        <td>
                            <pre class="log">Then Should be Navigated to &quot;Report&quot; Page</pre>
                        </td>
                        <td>
                            <!-- [TestAssert: Scenario - Logging in with valid credentials] -->
                            <pre class="log">done: LoginSteps.ThenShouldBeNavigatedToPage(&quot;Report&quot;) (0.0s)</pre>
                        </td>
                        <td>Succeeded in 0.023s</td>
                    </tr>
                    <tr>
                        <td>
                            <pre class="log">And Logout from the Application</pre>
                        </td>
                        <td>
                            <!-- [TestAssert: Scenario - Logging in with valid credentials] -->
                            <pre class="log">error: The HTTP request to the remote WebDriver server for URL http://localhost:64353/session/07ce0a7509ed70ac1922c7f05c27e2aa/screenshot timed out after 60 seconds.</pre>
                                <div class="errorMessage">The HTTP request to the remote WebDriver server for URL http://localhost:64353/session/07ce0a7509ed70ac1922c7f05c27e2aa/screenshot timed out after 60 seconds. -&gt; The operation has timed out</div>
                                <pre class="stackTrace">OpenQA.Selenium.WebDriverException: The HTTP request to the remote WebDriver server for URL http://localhost:64353/session/07ce0a7509ed70ac1922c7f05c27e2aa/screenshot timed out after 60 seconds. ---&gt; System.Net.WebException: The operation has timed out
   at System.Net.HttpWebRequest.GetResponse()
   at OpenQA.Selenium.Remote.HttpCommandExecutor.MakeHttpRequest(HttpRequestInfo requestInfo)
   --- End of inner exception stack trace ---
   at Utils.PublicLibrary.CaptureScreenShot() in C:\Users\gnaneshwar.kondapaka\Desktop\Assignments\ClassLibraryDotNetFrameWorkSolution\ClassLibraryDotNetFrameWork\Utils\PublicLibrary.cs:line 301
   at Utils.PublicLibrary.ReportException(String Message) in C:\Users\gnaneshwar.kondapaka\Desktop\Assignments\ClassLibraryDotNetFrameWorkSolution\ClassLibraryDotNetFrameWork\Utils\PublicLibrary.cs:line 335
   at StepDefinations.LoginSteps.ThenLogoutFromTheApplication() in C:\Users\gnaneshwar.kondapaka\Desktop\Assignments\ClassLibraryDotNetFrameWorkSolution\ClassLibraryDotNetFrameWork\StepDefinations\LoginSteps.cs:line 132
   at lambda_method(Closure , IContextManager )
   at TechTalk.SpecFlow.Bindings.BindingInvoker.InvokeBinding(IBinding binding, IContextManager contextManager, Object[] arguments, ITestTracer testTracer, TimeSpan&amp; duration) in D:\a\1\s\TechTalk.SpecFlow\Bindings\BindingInvoker.cs:line 69
   at TechTalk.SpecFlow.Infrastructure.TestExecutionEngine.ExecuteStepMatch(BindingMatch match, Object[] arguments) in D:\a\1\s\TechTalk.SpecFlow\Infrastructure\TestExecutionEngine.cs:line 530
   at TechTalk.SpecRun.SpecFlowPlugin.Runtime.RunnerTestExecutionEngine.ExecuteStepMatch(BindingMatch match, Object[] arguments)
   at TechTalk.SpecFlow.Infrastructure.TestExecutionEngine.ExecuteStep(IContextManager contextManager, StepInstance stepInstance) in D:\a\1\s\TechTalk.SpecFlow\Infrastructure\TestExecutionEngine.cs:line 435
   at TechTalk.SpecFlow.Infrastructure.TestExecutionEngine.OnAfterLastStep() in D:\a\1\s\TechTalk.SpecFlow\Infrastructure\TestExecutionEngine.cs:line 207
   at TechTalk.SpecRun.SpecFlowPlugin.Runtime.RunnerTestExecutionEngine.OnAfterLastStep()
   at TechTalk.SpecFlow.TestRunner.CollectScenarioErrors() in D:\a\1\s\TechTalk.SpecFlow\TestRunner.cs:line 59
   at ClassLibraryDotNetFrameWork.Features.LoginFeature.ScenarioCleanup()
   at ClassLibraryDotNetFrameWork.Features.LoginFeature.LoggingInWithValidCredentials() in C:\Users\gnaneshwar.kondapaka\Desktop\Assignments\ClassLibraryDotNetFrameWorkSolution\ClassLibraryDotNetFrameWork\Features\Login.feature:line 13
   at TechTalk.SpecRun.Framework.TaskExecutors.StaticOrInstanceMethodExecutor.ExecuteInternal(ITestThreadExecutionContext testThreadExecutionContext)
   at TechTalk.SpecRun.Framework.TaskExecutors.StaticOrInstanceMethodExecutor.Execute(ITestThreadExecutionContext testThreadExecutionContext)
   at TechTalk.SpecRun.Framework.TestNodeTask.Execute()</pre>
                        </td>
                        <td>Failed in 62.086s</td>
                    </tr>
            </table>
            <a name="t-1048477137.1" />
            <h3>Scenario: Logging in with valid credentials (in ClassLibraryDotNetFrameWork, Login) retry #1</h3>
            <ul>
                <li>Status: Failed</li>
                <li>Start time: 11/30/2020 12:33:40 PM</li>
                <li>Execution time (sec): 19.6359511</li>
                <li>Thread: #0</li>
                <li>Error: Multiple failures or warnings in test:
  1)   Expected string length 39 but was 48. Strings differ at index 0.
  Expected: &quot;Online Timesheet • Qualitypointtech.com&quot;
  But was:  &quot;Report - Online Timesheet • Qualitypointtech.com&quot;
  -----------^

  2)   Expected string length 57 but was 56. Strings differ at index 1.
  Expected: &quot;Y ou have been logged out. Thank you for using Timesheet.&quot;
  But was:  &quot;You have been logged out. Thank you for using Timesheet.&quot;
  ------------^

  3)   Exception while closing the browser : NUnit.Framework.AssertionException: Multiple failures or warnings in test:
  1)   Expected string length 39 but was 48. Strings differ at index 0.
  Expected: &quot;Online Timesheet • Qualitypointtech.com&quot;
  But was:  &quot;Report - Online Timesheet • Qualitypointtech.com&quot;
  -----------^

  2)   Expected string length 57 but was 56. Strings differ at index 1.
  Expected: &quot;Y ou have been logged out. Thank you for using Timesheet.&quot;
  But was:  &quot;You have been logged out. Thank you for using Timesheet.&quot;
  ------------^


   at NUnit.Framework.Assert.ReportFailure(String message) in D:\a\1\s\src\NUnitFramework\framework\Assert.cs:line 394
   at NUnit.Framework.Assert.ReportFailure(ConstraintResult result, String message, Object[] args) in D:\a\1\s\src\NUnitFramework\framework\Assert.cs:line 382
   at NUnit.Framework.Assert.That[TActual](TActual actual, IResolveConstraint expression, String message, Object[] args) in D:\a\1\s\src\NUnitFramework\framework\Assert.That.cs:line 240
   at NUnit.Framework.Assert.AreEqual(Object expected, Object actual) in D:\a\1\s\src\NUnitFramework\framework\Assert.Equality.cs:line 128
   at StepDefinations.LoginSteps.ThenLogoutFromTheApplication() in C:\Users\gnaneshwar.kondapaka\Desktop\Assignments\ClassLibraryDotNetFrameWorkSolution\ClassLibraryDotNetFrameWork\StepDefinations\LoginSteps.cs:line 127
  Expected: True
  But was:  False

</li>
            </ul>
            <table class="testEvents">
                <tr>
                    <th>Steps</th>
                    <th>Trace</th>
                    <th>Result</th>
                </tr>
                    <tr>
                        <td>
                            <pre class="log">Given Browser is launced</pre>
                        </td>
                        <td>
                            <!-- [TestArrange: Scenario - Logging in with valid credentials] -->
                            <pre class="log">done: LoginSteps.GivenBrowserIsLaunced() (5.7s)</pre>
                        </td>
                        <td>Succeeded in 5.72s</td>
                    </tr>
                    <tr>
                        <td>
                            <pre class="log">And Navigated to QualityPoint Application</pre>
                        </td>
                        <td>
                            <!-- [TestArrange: Scenario - Logging in with valid credentials] -->
                            <pre class="log">done: LoginSteps.GivenNavigatedToQualityPointApplication() (4.0s)</pre>
                        </td>
                        <td>Succeeded in 3.98s</td>
                    </tr>
                    <tr>
                        <td>
                            <pre class="log">When Enter &quot;AdminUserName&quot; in UserName field and &quot;AdminPassword&quot; in Password field</pre>
                        </td>
                        <td>
                            <!-- [TestAct: Scenario - Logging in with valid credentials] -->
                            <pre class="log">done: LoginSteps.WhenIEnterInUserNameAndInPassword(&quot;AdminUserName&quot;, &quot;AdminPassword&quot;) (0.5s)</pre>
                        </td>
                        <td>Succeeded in 0.463s</td>
                    </tr>
                    <tr>
                        <td>
                            <pre class="log">And Click on login button</pre>
                        </td>
                        <td>
                            <!-- [TestAct: Scenario - Logging in with valid credentials] -->
                            <pre class="log">done: LoginSteps.WhenClickOnLoginButton() (4.1s)</pre>
                        </td>
                        <td>Succeeded in 4.08s</td>
                    </tr>
                    <tr>
                        <td>
                            <pre class="log">Then Should be Navigated to &quot;Report&quot; Page</pre>
                        </td>
                        <td>
                            <!-- [TestAssert: Scenario - Logging in with valid credentials] -->
                            <pre class="log">done: LoginSteps.ThenShouldBeNavigatedToPage(&quot;Report&quot;) (0.0s)</pre>
                        </td>
                        <td>Succeeded in 0.012s</td>
                    </tr>
                    <tr>
                        <td>
                            <pre class="log">And Logout from the Application</pre>
                        </td>
                        <td>
                            <!-- [TestAssert: Scenario - Logging in with valid credentials] -->
                            <pre class="log">error: Multiple failures or warnings in test:
  1)   Expected string length 39 but was 48. Strings differ at index 0.
  Expected: &quot;Online Timesheet • Qualitypointtech.com&quot;
  But was:  &quot;Report - Online Timesheet • Qualitypointtech.com&quot;
  -----------^

  2)   Expected string length 57 but was 56. Strings differ at index 1.
  Expected: &quot;Y ou have been logged out. Thank you for using Timesheet.&quot;
  But was:  &quot;You have been logged out. Thank you for using Timesheet.&quot;
  ------------^

  3)   Exception while closing the browser : NUnit.Framework.AssertionException: Multiple failures or warnings in test:
  1)   Expected string length 39 but was 48. Strings differ at index 0.
  Expected: &quot;Online Timesheet • Qualitypointtech.com&quot;
  But was:  &quot;Report - Online Timesheet • Qualitypointtech.com&quot;
  -----------^

  2)   Expected string length 57 but was 56. Strings differ at index 1.
  Expected: &quot;Y ou have been logged out. Thank you for using Timesheet.&quot;
  But was:  &quot;You have been logged out. Thank you for using Timesheet.&quot;
  ------------^


   at NUnit.Framework.Assert.ReportFailure(String message) in D:\a\1\s\src\NUnitFramework\framework\Assert.cs:line 394
   at NUnit.Framework.Assert.ReportFailure(ConstraintResult result, String message, Object[] args) in D:\a\1\s\src\NUnitFramework\framework\Assert.cs:line 382
   at NUnit.Framework.Assert.That[TActual](TActual actual, IResolveConstraint expression, String message, Object[] args) in D:\a\1\s\src\NUnitFramework\framework\Assert.That.cs:line 240
   at NUnit.Framework.Assert.AreEqual(Object expected, Object actual) in D:\a\1\s\src\NUnitFramework\framework\Assert.Equality.cs:line 128
   at StepDefinations.LoginSteps.ThenLogoutFromTheApplication() in C:\Users\gnaneshwar.kondapaka\Desktop\Assignments\ClassLibraryDotNetFrameWorkSolution\ClassLibraryDotNetFrameWork\StepDefinations\LoginSteps.cs:line 127
  Expected: True
  But was:  False</pre>
                                <div class="errorMessage">Multiple failures or warnings in test:
  1)   Expected string length 39 but was 48. Strings differ at index 0.
  Expected: &quot;Online Timesheet • Qualitypointtech.com&quot;
  But was:  &quot;Report - Online Timesheet • Qualitypointtech.com&quot;
  -----------^

  2)   Expected string length 57 but was 56. Strings differ at index 1.
  Expected: &quot;Y ou have been logged out. Thank you for using Timesheet.&quot;
  But was:  &quot;You have been logged out. Thank you for using Timesheet.&quot;
  ------------^

  3)   Exception while closing the browser : NUnit.Framework.AssertionException: Multiple failures or warnings in test:
  1)   Expected string length 39 but was 48. Strings differ at index 0.
  Expected: &quot;Online Timesheet • Qualitypointtech.com&quot;
  But was:  &quot;Report - Online Timesheet • Qualitypointtech.com&quot;
  -----------^

  2)   Expected string length 57 but was 56. Strings differ at index 1.
  Expected: &quot;Y ou have been logged out. Thank you for using Timesheet.&quot;
  But was:  &quot;You have been logged out. Thank you for using Timesheet.&quot;
  ------------^


   at NUnit.Framework.Assert.ReportFailure(String message) in D:\a\1\s\src\NUnitFramework\framework\Assert.cs:line 394
   at NUnit.Framework.Assert.ReportFailure(ConstraintResult result, String message, Object[] args) in D:\a\1\s\src\NUnitFramework\framework\Assert.cs:line 382
   at NUnit.Framework.Assert.That[TActual](TActual actual, IResolveConstraint expression, String message, Object[] args) in D:\a\1\s\src\NUnitFramework\framework\Assert.That.cs:line 240
   at NUnit.Framework.Assert.AreEqual(Object expected, Object actual) in D:\a\1\s\src\NUnitFramework\framework\Assert.Equality.cs:line 128
   at StepDefinations.LoginSteps.ThenLogoutFromTheApplication() in C:\Users\gnaneshwar.kondapaka\Desktop\Assignments\ClassLibraryDotNetFrameWorkSolution\ClassLibraryDotNetFrameWork\StepDefinations\LoginSteps.cs:line 127
  Expected: True
  But was:  False

</div>
                                <pre class="stackTrace">NUnit.Framework.AssertionException: Multiple failures or warnings in test:
  1)   Expected string length 39 but was 48. Strings differ at index 0.
  Expected: &quot;Online Timesheet • Qualitypointtech.com&quot;
  But was:  &quot;Report - Online Timesheet • Qualitypointtech.com&quot;
  -----------^

  2)   Expected string length 57 but was 56. Strings differ at index 1.
  Expected: &quot;Y ou have been logged out. Thank you for using Timesheet.&quot;
  But was:  &quot;You have been logged out. Thank you for using Timesheet.&quot;
  ------------^

  3)   Exception while closing the browser : NUnit.Framework.AssertionException: Multiple failures or warnings in test:
  1)   Expected string length 39 but was 48. Strings differ at index 0.
  Expected: &quot;Online Timesheet • Qualitypointtech.com&quot;
  But was:  &quot;Report - Online Timesheet • Qualitypointtech.com&quot;
  -----------^

  2)   Expected string length 57 but was 56. Strings differ at index 1.
  Expected: &quot;Y ou have been logged out. Thank you for using Timesheet.&quot;
  But was:  &quot;You have been logged out. Thank you for using Timesheet.&quot;
  ------------^


   at NUnit.Framework.Assert.ReportFailure(String message) in D:\a\1\s\src\NUnitFramework\framework\Assert.cs:line 394
   at NUnit.Framework.Assert.ReportFailure(ConstraintResult result, String message, Object[] args) in D:\a\1\s\src\NUnitFramework\framework\Assert.cs:line 382
   at NUnit.Framework.Assert.That[TActual](TActual actual, IResolveConstraint expression, String message, Object[] args) in D:\a\1\s\src\NUnitFramework\framework\Assert.That.cs:line 240
   at NUnit.Framework.Assert.AreEqual(Object expected, Object actual) in D:\a\1\s\src\NUnitFramework\framework\Assert.Equality.cs:line 128
   at StepDefinations.LoginSteps.ThenLogoutFromTheApplication() in C:\Users\gnaneshwar.kondapaka\Desktop\Assignments\ClassLibraryDotNetFrameWorkSolution\ClassLibraryDotNetFrameWork\StepDefinations\LoginSteps.cs:line 127
  Expected: True
  But was:  False


   at NUnit.Framework.Assert.ReportFailure(String message) in D:\a\1\s\src\NUnitFramework\framework\Assert.cs:line 394
   at NUnit.Framework.Assert.ReportFailure(ConstraintResult result, String message, Object[] args) in D:\a\1\s\src\NUnitFramework\framework\Assert.cs:line 382
   at NUnit.Framework.Assert.That[TActual](TActual actual, IResolveConstraint expression, String message, Object[] args) in D:\a\1\s\src\NUnitFramework\framework\Assert.That.cs:line 240
   at NUnit.Framework.Assert.IsTrue(Boolean condition, String message, Object[] args) in D:\a\1\s\src\NUnitFramework\framework\Assert.Conditions.cs:line 99
   at Utils.PublicLibrary.ReportException(String Message) in C:\Users\gnaneshwar.kondapaka\Desktop\Assignments\ClassLibraryDotNetFrameWorkSolution\ClassLibraryDotNetFrameWork\Utils\PublicLibrary.cs:line 337
   at StepDefinations.LoginSteps.ThenLogoutFromTheApplication() in C:\Users\gnaneshwar.kondapaka\Desktop\Assignments\ClassLibraryDotNetFrameWorkSolution\ClassLibraryDotNetFrameWork\StepDefinations\LoginSteps.cs:line 132
   at lambda_method(Closure , IContextManager )
   at TechTalk.SpecFlow.Bindings.BindingInvoker.InvokeBinding(IBinding binding, IContextManager contextManager, Object[] arguments, ITestTracer testTracer, TimeSpan&amp; duration) in D:\a\1\s\TechTalk.SpecFlow\Bindings\BindingInvoker.cs:line 69
   at TechTalk.SpecFlow.Infrastructure.TestExecutionEngine.ExecuteStepMatch(BindingMatch match, Object[] arguments) in D:\a\1\s\TechTalk.SpecFlow\Infrastructure\TestExecutionEngine.cs:line 530
   at TechTalk.SpecRun.SpecFlowPlugin.Runtime.RunnerTestExecutionEngine.ExecuteStepMatch(BindingMatch match, Object[] arguments)
   at TechTalk.SpecFlow.Infrastructure.TestExecutionEngine.ExecuteStep(IContextManager contextManager, StepInstance stepInstance) in D:\a\1\s\TechTalk.SpecFlow\Infrastructure\TestExecutionEngine.cs:line 435
   at TechTalk.SpecFlow.Infrastructure.TestExecutionEngine.OnAfterLastStep() in D:\a\1\s\TechTalk.SpecFlow\Infrastructure\TestExecutionEngine.cs:line 207
   at TechTalk.SpecRun.SpecFlowPlugin.Runtime.RunnerTestExecutionEngine.OnAfterLastStep()
   at TechTalk.SpecFlow.TestRunner.CollectScenarioErrors() in D:\a\1\s\TechTalk.SpecFlow\TestRunner.cs:line 59
   at ClassLibraryDotNetFrameWork.Features.LoginFeature.ScenarioCleanup()
   at ClassLibraryDotNetFrameWork.Features.LoginFeature.LoggingInWithValidCredentials() in C:\Users\gnaneshwar.kondapaka\Desktop\Assignments\ClassLibraryDotNetFrameWorkSolution\ClassLibraryDotNetFrameWork\Features\Login.feature:line 13
   at TechTalk.SpecRun.Framework.TaskExecutors.StaticOrInstanceMethodExecutor.ExecuteInternal(ITestThreadExecutionContext testThreadExecutionContext)
   at TechTalk.SpecRun.Framework.TaskExecutors.StaticOrInstanceMethodExecutor.Execute(ITestThreadExecutionContext testThreadExecutionContext)
   at TechTalk.SpecRun.Framework.TestNodeTask.Execute()</pre>
                        </td>
                        <td>Failed in 5.367s</td>
                    </tr>
            </table>
            <a name="t-1048477137.2" />
            <h3>Scenario: Logging in with valid credentials (in ClassLibraryDotNetFrameWork, Login) retry #2</h3>
            <ul>
                <li>Status: Failed</li>
                <li>Start time: 11/30/2020 12:34:00 PM</li>
                <li>Execution time (sec): 18.1425559</li>
                <li>Thread: #0</li>
                <li>Error: Multiple failures or warnings in test:
  1)   Expected string length 39 but was 48. Strings differ at index 0.
  Expected: &quot;Online Timesheet • Qualitypointtech.com&quot;
  But was:  &quot;Report - Online Timesheet • Qualitypointtech.com&quot;
  -----------^

  2)   Expected string length 57 but was 56. Strings differ at index 1.
  Expected: &quot;Y ou have been logged out. Thank you for using Timesheet.&quot;
  But was:  &quot;You have been logged out. Thank you for using Timesheet.&quot;
  ------------^

  3)   Exception while closing the browser : NUnit.Framework.AssertionException: Multiple failures or warnings in test:
  1)   Expected string length 39 but was 48. Strings differ at index 0.
  Expected: &quot;Online Timesheet • Qualitypointtech.com&quot;
  But was:  &quot;Report - Online Timesheet • Qualitypointtech.com&quot;
  -----------^

  2)   Expected string length 57 but was 56. Strings differ at index 1.
  Expected: &quot;Y ou have been logged out. Thank you for using Timesheet.&quot;
  But was:  &quot;You have been logged out. Thank you for using Timesheet.&quot;
  ------------^


   at NUnit.Framework.Assert.ReportFailure(String message) in D:\a\1\s\src\NUnitFramework\framework\Assert.cs:line 394
   at NUnit.Framework.Assert.ReportFailure(ConstraintResult result, String message, Object[] args) in D:\a\1\s\src\NUnitFramework\framework\Assert.cs:line 382
   at NUnit.Framework.Assert.That[TActual](TActual actual, IResolveConstraint expression, String message, Object[] args) in D:\a\1\s\src\NUnitFramework\framework\Assert.That.cs:line 240
   at NUnit.Framework.Assert.AreEqual(Object expected, Object actual) in D:\a\1\s\src\NUnitFramework\framework\Assert.Equality.cs:line 128
   at StepDefinations.LoginSteps.ThenLogoutFromTheApplication() in C:\Users\gnaneshwar.kondapaka\Desktop\Assignments\ClassLibraryDotNetFrameWorkSolution\ClassLibraryDotNetFrameWork\StepDefinations\LoginSteps.cs:line 127
  Expected: True
  But was:  False

  4)   Expected string length 57 but was 56. Strings differ at index 1.
  Expected: &quot;Y ou have been logged out. Thank you for using Timesheet.&quot;
  But was:  &quot;You have been logged out. Thank you for using Timesheet.&quot;
  ------------^

  5)   Exception while closing the browser : NUnit.Framework.AssertionException: Multiple failures or warnings in test:
  1)   Expected string length 39 but was 48. Strings differ at index 0.
  Expected: &quot;Online Timesheet • Qualitypointtech.com&quot;
  But was:  &quot;Report - Online Timesheet • Qualitypointtech.com&quot;
  -----------^

  2)   Expected string length 57 but was 56. Strings differ at index 1.
  Expected: &quot;Y ou have been logged out. Thank you for using Timesheet.&quot;
  But was:  &quot;You have been logged out. Thank you for using Timesheet.&quot;
  ------------^

  3)   Exception while closing the browser : NUnit.Framework.AssertionException: Multiple failures or warnings in test:
  1)   Expected string length 39 but was 48. Strings differ at index 0.
  Expected: &quot;Online Timesheet • Qualitypointtech.com&quot;
  But was:  &quot;Report - Online Timesheet • Qualitypointtech.com&quot;
  -----------^

  2)   Expected string length 57 but was 56. Strings differ at index 1.
  Expected: &quot;Y ou have been logged out. Thank you for using Timesheet.&quot;
  But was:  &quot;You have been logged out. Thank you for using Timesheet.&quot;
  ------------^


   at NUnit.Framework.Assert.ReportFailure(String message) in D:\a\1\s\src\NUnitFramework\framework\Assert.cs:line 394
   at NUnit.Framework.Assert.ReportFailure(ConstraintResult result, String message, Object[] args) in D:\a\1\s\src\NUnitFramework\framework\Assert.cs:line 382
   at NUnit.Framework.Assert.That[TActual](TActual actual, IResolveConstraint expression, String message, Object[] args) in D:\a\1\s\src\NUnitFramework\framework\Assert.That.cs:line 240
   at NUnit.Framework.Assert.AreEqual(Object expected, Object actual) in D:\a\1\s\src\NUnitFramework\framework\Assert.Equality.cs:line 128
   at StepDefinations.LoginSteps.ThenLogoutFromTheApplication() in C:\Users\gnaneshwar.kondapaka\Desktop\Assignments\ClassLibraryDotNetFrameWorkSolution\ClassLibraryDotNetFrameWork\StepDefinations\LoginSteps.cs:line 127
  Expected: True
  But was:  False

  4)   Expected string length 57 but was 56. Strings differ at index 1.
  Expected: &quot;Y ou have been logged out. Thank you for using Timesheet.&quot;
  But was:  &quot;You have been logged out. Thank you for using Timesheet.&quot;
  ------------^


   at NUnit.Framework.Assert.ReportFailure(String message) in D:\a\1\s\src\NUnitFramework\framework\Assert.cs:line 394
   at NUnit.Framework.Assert.ReportFailure(ConstraintResult result, String message, Object[] args) in D:\a\1\s\src\NUnitFramework\framework\Assert.cs:line 382
   at NUnit.Framework.Assert.That[TActual](TActual actual, IResolveConstraint expression, String message, Object[] args) in D:\a\1\s\src\NUnitFramework\framework\Assert.That.cs:line 240
   at NUnit.Framework.Assert.AreEqual(Object expected, Object actual) in D:\a\1\s\src\NUnitFramework\framework\Assert.Equality.cs:line 128
   at StepDefinations.LoginSteps.ThenLogoutFromTheApplication() in C:\Users\gnaneshwar.kondapaka\Desktop\Assignments\ClassLibraryDotNetFrameWorkSolution\ClassLibraryDotNetFrameWork\StepDefinations\LoginSteps.cs:line 127
  Expected: True
  But was:  False

</li>
            </ul>
            <table class="testEvents">
                <tr>
                    <th>Steps</th>
                    <th>Trace</th>
                    <th>Result</th>
                </tr>
                    <tr>
                        <td>
                            <pre class="log">Given Browser is launced</pre>
                        </td>
                        <td>
                            <!-- [TestArrange: Scenario - Logging in with valid credentials] -->
                            <pre class="log">done: LoginSteps.GivenBrowserIsLaunced() (4.9s)</pre>
                        </td>
                        <td>Succeeded in 4.899s</td>
                    </tr>
                    <tr>
                        <td>
                            <pre class="log">And Navigated to QualityPoint Application</pre>
                        </td>
                        <td>
                            <!-- [TestArrange: Scenario - Logging in with valid credentials] -->
                            <pre class="log">done: LoginSteps.GivenNavigatedToQualityPointApplication() (3.2s)</pre>
                        </td>
                        <td>Succeeded in 3.205s</td>
                    </tr>
                    <tr>
                        <td>
                            <pre class="log">When Enter &quot;AdminUserName&quot; in UserName field and &quot;AdminPassword&quot; in Password field</pre>
                        </td>
                        <td>
                            <!-- [TestAct: Scenario - Logging in with valid credentials] -->
                            <pre class="log">done: LoginSteps.WhenIEnterInUserNameAndInPassword(&quot;AdminUserName&quot;, &quot;AdminPassword&quot;) (0.3s)</pre>
                        </td>
                        <td>Succeeded in 0.313s</td>
                    </tr>
                    <tr>
                        <td>
                            <pre class="log">And Click on login button</pre>
                        </td>
                        <td>
                            <!-- [TestAct: Scenario - Logging in with valid credentials] -->
                            <pre class="log">done: LoginSteps.WhenClickOnLoginButton() (3.0s)</pre>
                        </td>
                        <td>Succeeded in 2.963s</td>
                    </tr>
                    <tr>
                        <td>
                            <pre class="log">Then Should be Navigated to &quot;Report&quot; Page</pre>
                        </td>
                        <td>
                            <!-- [TestAssert: Scenario - Logging in with valid credentials] -->
                            <pre class="log">done: LoginSteps.ThenShouldBeNavigatedToPage(&quot;Report&quot;) (0.0s)</pre>
                        </td>
                        <td>Succeeded in 0.013s</td>
                    </tr>
                    <tr>
                        <td>
                            <pre class="log">And Logout from the Application</pre>
                        </td>
                        <td>
                            <!-- [TestAssert: Scenario - Logging in with valid credentials] -->
                            <pre class="log">error: Multiple failures or warnings in test:
  1)   Expected string length 39 but was 48. Strings differ at index 0.
  Expected: &quot;Online Timesheet • Qualitypointtech.com&quot;
  But was:  &quot;Report - Online Timesheet • Qualitypointtech.com&quot;
  -----------^

  2)   Expected string length 57 but was 56. Strings differ at index 1.
  Expected: &quot;Y ou have been logged out. Thank you for using Timesheet.&quot;
  But was:  &quot;You have been logged out. Thank you for using Timesheet.&quot;
  ------------^

  3)   Exception while closing the browser : NUnit.Framework.AssertionException: Multiple failures or warnings in test:
  1)   Expected string length 39 but was 48. Strings differ at index 0.
  Expected: &quot;Online Timesheet • Qualitypointtech.com&quot;
  But was:  &quot;Report - Online Timesheet • Qualitypointtech.com&quot;
  -----------^

  2)   Expected string length 57 but was 56. Strings differ at index 1.
  Expected: &quot;Y ou have been logged out. Thank you for using Timesheet.&quot;
  But was:  &quot;You have been logged out. Thank you for using Timesheet.&quot;
  ------------^


   at NUnit.Framework.Assert.ReportFailure(String message) in D:\a\1\s\src\NUnitFramework\framework\Assert.cs:line 394
   at NUnit.Framework.Assert.ReportFailure(ConstraintResult result, String message, Object[] args) in D:\a\1\s\src\NUnitFramework\framework\Assert.cs:line 382
   at NUnit.Framework.Assert.That[TActual](TActual actual, IResolveConstraint expression, String message, Object[] args) in D:\a\1\s\src\NUnitFramework\framework\Assert.That.cs:line 240
   at NUnit.Framework.Assert.AreEqual(Object expected, Object actual) in D:\a\1\s\src\NUnitFramework\framework\Assert.Equality.cs:line 128
   at StepDefinations.LoginSteps.ThenLogoutFromTheApplication() in C:\Users\gnaneshwar.kondapaka\Desktop\Assignments\ClassLibraryDotNetFrameWorkSolution\ClassLibraryDotNetFrameWork\StepDefinations\LoginSteps.cs:line 127
  Expected: True
  But was:  False

  4)   Expected string length 57 but was 56. Strings differ at index 1.
  Expected: &quot;Y ou have been logged out. Thank you for using Timesheet.&quot;
  But was:  &quot;You have been logged out. Thank you for using Timesheet.&quot;
  ------------^

  5)   Exception while closing the browser : NUnit.Framework.AssertionException: Multiple failures or warnings in test:
  1)   Expected string length 39 but was 48. Strings differ at index 0.
  Expected: &quot;Online Timesheet • Qualitypointtech.com&quot;
  But was:  &quot;Report - Online Timesheet • Qualitypointtech.com&quot;
  -----------^

  2)   Expected string length 57 but was 56. Strings differ at index 1.
  Expected: &quot;Y ou have been logged out. Thank you for using Timesheet.&quot;
  But was:  &quot;You have been logged out. Thank you for using Timesheet.&quot;
  ------------^

  3)   Exception while closing the browser : NUnit.Framework.AssertionException: Multiple failures or warnings in test:
  1)   Expected string length 39 but was 48. Strings differ at index 0.
  Expected: &quot;Online Timesheet • Qualitypointtech.com&quot;
  But was:  &quot;Report - Online Timesheet • Qualitypointtech.com&quot;
  -----------^

  2)   Expected string length 57 but was 56. Strings differ at index 1.
  Expected: &quot;Y ou have been logged out. Thank you for using Timesheet.&quot;
  But was:  &quot;You have been logged out. Thank you for using Timesheet.&quot;
  ------------^


   at NUnit.Framework.Assert.ReportFailure(String message) in D:\a\1\s\src\NUnitFramework\framework\Assert.cs:line 394
   at NUnit.Framework.Assert.ReportFailure(ConstraintResult result, String message, Object[] args) in D:\a\1\s\src\NUnitFramework\framework\Assert.cs:line 382
   at NUnit.Framework.Assert.That[TActual](TActual actual, IResolveConstraint expression, String message, Object[] args) in D:\a\1\s\src\NUnitFramework\framework\Assert.That.cs:line 240
   at NUnit.Framework.Assert.AreEqual(Object expected, Object actual) in D:\a\1\s\src\NUnitFramework\framework\Assert.Equality.cs:line 128
   at StepDefinations.LoginSteps.ThenLogoutFromTheApplication() in C:\Users\gnaneshwar.kondapaka\Desktop\Assignments\ClassLibraryDotNetFrameWorkSolution\ClassLibraryDotNetFrameWork\StepDefinations\LoginSteps.cs:line 127
  Expected: True
  But was:  False

  4)   Expected string length 57 but was 56. Strings differ at index 1.
  Expected: &quot;Y ou have been logged out. Thank you for using Timesheet.&quot;
  But was:  &quot;You have been logged out. Thank you for using Timesheet.&quot;
  ------------^


   at NUnit.Framework.Assert.ReportFailure(String message) in D:\a\1\s\src\NUnitFramework\framework\Assert.cs:line 394
   at NUnit.Framework.Assert.ReportFailure(ConstraintResult result, String message, Object[] args) in D:\a\1\s\src\NUnitFramework\framework\Assert.cs:line 382
   at NUnit.Framework.Assert.That[TActual](TActual actual, IResolveConstraint expression, String message, Object[] args) in D:\a\1\s\src\NUnitFramework\framework\Assert.That.cs:line 240
   at NUnit.Framework.Assert.AreEqual(Object expected, Object actual) in D:\a\1\s\src\NUnitFramework\framework\Assert.Equality.cs:line 128
   at StepDefinations.LoginSteps.ThenLogoutFromTheApplication() in C:\Users\gnaneshwar.kondapaka\Desktop\Assignments\ClassLibraryDotNetFrameWorkSolution\ClassLibraryDotNetFrameWork\StepDefinations\LoginSteps.cs:line 127
  Expected: True
  But was:  False</pre>
                                <div class="errorMessage">Multiple failures or warnings in test:
  1)   Expected string length 39 but was 48. Strings differ at index 0.
  Expected: &quot;Online Timesheet • Qualitypointtech.com&quot;
  But was:  &quot;Report - Online Timesheet • Qualitypointtech.com&quot;
  -----------^

  2)   Expected string length 57 but was 56. Strings differ at index 1.
  Expected: &quot;Y ou have been logged out. Thank you for using Timesheet.&quot;
  But was:  &quot;You have been logged out. Thank you for using Timesheet.&quot;
  ------------^

  3)   Exception while closing the browser : NUnit.Framework.AssertionException: Multiple failures or warnings in test:
  1)   Expected string length 39 but was 48. Strings differ at index 0.
  Expected: &quot;Online Timesheet • Qualitypointtech.com&quot;
  But was:  &quot;Report - Online Timesheet • Qualitypointtech.com&quot;
  -----------^

  2)   Expected string length 57 but was 56. Strings differ at index 1.
  Expected: &quot;Y ou have been logged out. Thank you for using Timesheet.&quot;
  But was:  &quot;You have been logged out. Thank you for using Timesheet.&quot;
  ------------^


   at NUnit.Framework.Assert.ReportFailure(String message) in D:\a\1\s\src\NUnitFramework\framework\Assert.cs:line 394
   at NUnit.Framework.Assert.ReportFailure(ConstraintResult result, String message, Object[] args) in D:\a\1\s\src\NUnitFramework\framework\Assert.cs:line 382
   at NUnit.Framework.Assert.That[TActual](TActual actual, IResolveConstraint expression, String message, Object[] args) in D:\a\1\s\src\NUnitFramework\framework\Assert.That.cs:line 240
   at NUnit.Framework.Assert.AreEqual(Object expected, Object actual) in D:\a\1\s\src\NUnitFramework\framework\Assert.Equality.cs:line 128
   at StepDefinations.LoginSteps.ThenLogoutFromTheApplication() in C:\Users\gnaneshwar.kondapaka\Desktop\Assignments\ClassLibraryDotNetFrameWorkSolution\ClassLibraryDotNetFrameWork\StepDefinations\LoginSteps.cs:line 127
  Expected: True
  But was:  False

  4)   Expected string length 57 but was 56. Strings differ at index 1.
  Expected: &quot;Y ou have been logged out. Thank you for using Timesheet.&quot;
  But was:  &quot;You have been logged out. Thank you for using Timesheet.&quot;
  ------------^

  5)   Exception while closing the browser : NUnit.Framework.AssertionException: Multiple failures or warnings in test:
  1)   Expected string length 39 but was 48. Strings differ at index 0.
  Expected: &quot;Online Timesheet • Qualitypointtech.com&quot;
  But was:  &quot;Report - Online Timesheet • Qualitypointtech.com&quot;
  -----------^

  2)   Expected string length 57 but was 56. Strings differ at index 1.
  Expected: &quot;Y ou have been logged out. Thank you for using Timesheet.&quot;
  But was:  &quot;You have been logged out. Thank you for using Timesheet.&quot;
  ------------^

  3)   Exception while closing the browser : NUnit.Framework.AssertionException: Multiple failures or warnings in test:
  1)   Expected string length 39 but was 48. Strings differ at index 0.
  Expected: &quot;Online Timesheet • Qualitypointtech.com&quot;
  But was:  &quot;Report - Online Timesheet • Qualitypointtech.com&quot;
  -----------^

  2)   Expected string length 57 but was 56. Strings differ at index 1.
  Expected: &quot;Y ou have been logged out. Thank you for using Timesheet.&quot;
  But was:  &quot;You have been logged out. Thank you for using Timesheet.&quot;
  ------------^


   at NUnit.Framework.Assert.ReportFailure(String message) in D:\a\1\s\src\NUnitFramework\framework\Assert.cs:line 394
   at NUnit.Framework.Assert.ReportFailure(ConstraintResult result, String message, Object[] args) in D:\a\1\s\src\NUnitFramework\framework\Assert.cs:line 382
   at NUnit.Framework.Assert.That[TActual](TActual actual, IResolveConstraint expression, String message, Object[] args) in D:\a\1\s\src\NUnitFramework\framework\Assert.That.cs:line 240
   at NUnit.Framework.Assert.AreEqual(Object expected, Object actual) in D:\a\1\s\src\NUnitFramework\framework\Assert.Equality.cs:line 128
   at StepDefinations.LoginSteps.ThenLogoutFromTheApplication() in C:\Users\gnaneshwar.kondapaka\Desktop\Assignments\ClassLibraryDotNetFrameWorkSolution\ClassLibraryDotNetFrameWork\StepDefinations\LoginSteps.cs:line 127
  Expected: True
  But was:  False

  4)   Expected string length 57 but was 56. Strings differ at index 1.
  Expected: &quot;Y ou have been logged out. Thank you for using Timesheet.&quot;
  But was:  &quot;You have been logged out. Thank you for using Timesheet.&quot;
  ------------^


   at NUnit.Framework.Assert.ReportFailure(String message) in D:\a\1\s\src\NUnitFramework\framework\Assert.cs:line 394
   at NUnit.Framework.Assert.ReportFailure(ConstraintResult result, String message, Object[] args) in D:\a\1\s\src\NUnitFramework\framework\Assert.cs:line 382
   at NUnit.Framework.Assert.That[TActual](TActual actual, IResolveConstraint expression, String message, Object[] args) in D:\a\1\s\src\NUnitFramework\framework\Assert.That.cs:line 240
   at NUnit.Framework.Assert.AreEqual(Object expected, Object actual) in D:\a\1\s\src\NUnitFramework\framework\Assert.Equality.cs:line 128
   at StepDefinations.LoginSteps.ThenLogoutFromTheApplication() in C:\Users\gnaneshwar.kondapaka\Desktop\Assignments\ClassLibraryDotNetFrameWorkSolution\ClassLibraryDotNetFrameWork\StepDefinations\LoginSteps.cs:line 127
  Expected: True
  But was:  False

</div>
                                <pre class="stackTrace">NUnit.Framework.AssertionException: Multiple failures or warnings in test:
  1)   Expected string length 39 but was 48. Strings differ at index 0.
  Expected: &quot;Online Timesheet • Qualitypointtech.com&quot;
  But was:  &quot;Report - Online Timesheet • Qualitypointtech.com&quot;
  -----------^

  2)   Expected string length 57 but was 56. Strings differ at index 1.
  Expected: &quot;Y ou have been logged out. Thank you for using Timesheet.&quot;
  But was:  &quot;You have been logged out. Thank you for using Timesheet.&quot;
  ------------^

  3)   Exception while closing the browser : NUnit.Framework.AssertionException: Multiple failures or warnings in test:
  1)   Expected string length 39 but was 48. Strings differ at index 0.
  Expected: &quot;Online Timesheet • Qualitypointtech.com&quot;
  But was:  &quot;Report - Online Timesheet • Qualitypointtech.com&quot;
  -----------^

  2)   Expected string length 57 but was 56. Strings differ at index 1.
  Expected: &quot;Y ou have been logged out. Thank you for using Timesheet.&quot;
  But was:  &quot;You have been logged out. Thank you for using Timesheet.&quot;
  ------------^


   at NUnit.Framework.Assert.ReportFailure(String message) in D:\a\1\s\src\NUnitFramework\framework\Assert.cs:line 394
   at NUnit.Framework.Assert.ReportFailure(ConstraintResult result, String message, Object[] args) in D:\a\1\s\src\NUnitFramework\framework\Assert.cs:line 382
   at NUnit.Framework.Assert.That[TActual](TActual actual, IResolveConstraint expression, String message, Object[] args) in D:\a\1\s\src\NUnitFramework\framework\Assert.That.cs:line 240
   at NUnit.Framework.Assert.AreEqual(Object expected, Object actual) in D:\a\1\s\src\NUnitFramework\framework\Assert.Equality.cs:line 128
   at StepDefinations.LoginSteps.ThenLogoutFromTheApplication() in C:\Users\gnaneshwar.kondapaka\Desktop\Assignments\ClassLibraryDotNetFrameWorkSolution\ClassLibraryDotNetFrameWork\StepDefinations\LoginSteps.cs:line 127
  Expected: True
  But was:  False

  4)   Expected string length 57 but was 56. Strings differ at index 1.
  Expected: &quot;Y ou have been logged out. Thank you for using Timesheet.&quot;
  But was:  &quot;You have been logged out. Thank you for using Timesheet.&quot;
  ------------^

  5)   Exception while closing the browser : NUnit.Framework.AssertionException: Multiple failures or warnings in test:
  1)   Expected string length 39 but was 48. Strings differ at index 0.
  Expected: &quot;Online Timesheet • Qualitypointtech.com&quot;
  But was:  &quot;Report - Online Timesheet • Qualitypointtech.com&quot;
  -----------^

  2)   Expected string length 57 but was 56. Strings differ at index 1.
  Expected: &quot;Y ou have been logged out. Thank you for using Timesheet.&quot;
  But was:  &quot;You have been logged out. Thank you for using Timesheet.&quot;
  ------------^

  3)   Exception while closing the browser : NUnit.Framework.AssertionException: Multiple failures or warnings in test:
  1)   Expected string length 39 but was 48. Strings differ at index 0.
  Expected: &quot;Online Timesheet • Qualitypointtech.com&quot;
  But was:  &quot;Report - Online Timesheet • Qualitypointtech.com&quot;
  -----------^

  2)   Expected string length 57 but was 56. Strings differ at index 1.
  Expected: &quot;Y ou have been logged out. Thank you for using Timesheet.&quot;
  But was:  &quot;You have been logged out. Thank you for using Timesheet.&quot;
  ------------^


   at NUnit.Framework.Assert.ReportFailure(String message) in D:\a\1\s\src\NUnitFramework\framework\Assert.cs:line 394
   at NUnit.Framework.Assert.ReportFailure(ConstraintResult result, String message, Object[] args) in D:\a\1\s\src\NUnitFramework\framework\Assert.cs:line 382
   at NUnit.Framework.Assert.That[TActual](TActual actual, IResolveConstraint expression, String message, Object[] args) in D:\a\1\s\src\NUnitFramework\framework\Assert.That.cs:line 240
   at NUnit.Framework.Assert.AreEqual(Object expected, Object actual) in D:\a\1\s\src\NUnitFramework\framework\Assert.Equality.cs:line 128
   at StepDefinations.LoginSteps.ThenLogoutFromTheApplication() in C:\Users\gnaneshwar.kondapaka\Desktop\Assignments\ClassLibraryDotNetFrameWorkSolution\ClassLibraryDotNetFrameWork\StepDefinations\LoginSteps.cs:line 127
  Expected: True
  But was:  False

  4)   Expected string length 57 but was 56. Strings differ at index 1.
  Expected: &quot;Y ou have been logged out. Thank you for using Timesheet.&quot;
  But was:  &quot;You have been logged out. Thank you for using Timesheet.&quot;
  ------------^


   at NUnit.Framework.Assert.ReportFailure(String message) in D:\a\1\s\src\NUnitFramework\framework\Assert.cs:line 394
   at NUnit.Framework.Assert.ReportFailure(ConstraintResult result, String message, Object[] args) in D:\a\1\s\src\NUnitFramework\framework\Assert.cs:line 382
   at NUnit.Framework.Assert.That[TActual](TActual actual, IResolveConstraint expression, String message, Object[] args) in D:\a\1\s\src\NUnitFramework\framework\Assert.That.cs:line 240
   at NUnit.Framework.Assert.AreEqual(Object expected, Object actual) in D:\a\1\s\src\NUnitFramework\framework\Assert.Equality.cs:line 128
   at StepDefinations.LoginSteps.ThenLogoutFromTheApplication() in C:\Users\gnaneshwar.kondapaka\Desktop\Assignments\ClassLibraryDotNetFrameWorkSolution\ClassLibraryDotNetFrameWork\StepDefinations\LoginSteps.cs:line 127
  Expected: True
  But was:  False


   at NUnit.Framework.Assert.ReportFailure(String message) in D:\a\1\s\src\NUnitFramework\framework\Assert.cs:line 394
   at NUnit.Framework.Assert.ReportFailure(ConstraintResult result, String message, Object[] args) in D:\a\1\s\src\NUnitFramework\framework\Assert.cs:line 382
   at NUnit.Framework.Assert.That[TActual](TActual actual, IResolveConstraint expression, String message, Object[] args) in D:\a\1\s\src\NUnitFramework\framework\Assert.That.cs:line 240
   at NUnit.Framework.Assert.IsTrue(Boolean condition, String message, Object[] args) in D:\a\1\s\src\NUnitFramework\framework\Assert.Conditions.cs:line 99
   at Utils.PublicLibrary.ReportException(String Message) in C:\Users\gnaneshwar.kondapaka\Desktop\Assignments\ClassLibraryDotNetFrameWorkSolution\ClassLibraryDotNetFrameWork\Utils\PublicLibrary.cs:line 337
   at StepDefinations.LoginSteps.ThenLogoutFromTheApplication() in C:\Users\gnaneshwar.kondapaka\Desktop\Assignments\ClassLibraryDotNetFrameWorkSolution\ClassLibraryDotNetFrameWork\StepDefinations\LoginSteps.cs:line 132
   at lambda_method(Closure , IContextManager )
   at TechTalk.SpecFlow.Bindings.BindingInvoker.InvokeBinding(IBinding binding, IContextManager contextManager, Object[] arguments, ITestTracer testTracer, TimeSpan&amp; duration) in D:\a\1\s\TechTalk.SpecFlow\Bindings\BindingInvoker.cs:line 69
   at TechTalk.SpecFlow.Infrastructure.TestExecutionEngine.ExecuteStepMatch(BindingMatch match, Object[] arguments) in D:\a\1\s\TechTalk.SpecFlow\Infrastructure\TestExecutionEngine.cs:line 530
   at TechTalk.SpecRun.SpecFlowPlugin.Runtime.RunnerTestExecutionEngine.ExecuteStepMatch(BindingMatch match, Object[] arguments)
   at TechTalk.SpecFlow.Infrastructure.TestExecutionEngine.ExecuteStep(IContextManager contextManager, StepInstance stepInstance) in D:\a\1\s\TechTalk.SpecFlow\Infrastructure\TestExecutionEngine.cs:line 435
   at TechTalk.SpecFlow.Infrastructure.TestExecutionEngine.OnAfterLastStep() in D:\a\1\s\TechTalk.SpecFlow\Infrastructure\TestExecutionEngine.cs:line 207
   at TechTalk.SpecRun.SpecFlowPlugin.Runtime.RunnerTestExecutionEngine.OnAfterLastStep()
   at TechTalk.SpecFlow.TestRunner.CollectScenarioErrors() in D:\a\1\s\TechTalk.SpecFlow\TestRunner.cs:line 59
   at ClassLibraryDotNetFrameWork.Features.LoginFeature.ScenarioCleanup()
   at ClassLibraryDotNetFrameWork.Features.LoginFeature.LoggingInWithValidCredentials() in C:\Users\gnaneshwar.kondapaka\Desktop\Assignments\ClassLibraryDotNetFrameWorkSolution\ClassLibraryDotNetFrameWork\Features\Login.feature:line 13
   at TechTalk.SpecRun.Framework.TaskExecutors.StaticOrInstanceMethodExecutor.ExecuteInternal(ITestThreadExecutionContext testThreadExecutionContext)
   at TechTalk.SpecRun.Framework.TaskExecutors.StaticOrInstanceMethodExecutor.Execute(ITestThreadExecutionContext testThreadExecutionContext)
   at TechTalk.SpecRun.Framework.TestNodeTask.Execute()</pre>
                        </td>
                        <td>Failed in 6.737s</td>
                    </tr>
            </table>
            <a name="t-665947594.0" />
            <h3>Scenario: Logging in with Invalid credentials (in ClassLibraryDotNetFrameWork, Login)</h3>
            <ul>
                <li>Status: Succeeded</li>
                <li>Start time: 11/30/2020 12:34:18 PM</li>
                <li>Execution time (sec): 12.0166211</li>
                <li>Thread: #0</li>
            </ul>
            <table class="testEvents">
                <tr>
                    <th>Steps</th>
                    <th>Trace</th>
                    <th>Result</th>
                </tr>
                    <tr>
                        <td>
                            <pre class="log">Given Browser is launced</pre>
                        </td>
                        <td>
                            <!-- [TestArrange: Scenario - Logging in with Invalid credentials] -->
                            <pre class="log">done: LoginSteps.GivenBrowserIsLaunced() (5.0s)</pre>
                        </td>
                        <td>Succeeded in 4.96s</td>
                    </tr>
                    <tr>
                        <td>
                            <pre class="log">And Navigated to QualityPoint Application</pre>
                        </td>
                        <td>
                            <!-- [TestArrange: Scenario - Logging in with Invalid credentials] -->
                            <pre class="log">done: LoginSteps.GivenNavigatedToQualityPointApplication() (3.4s)</pre>
                        </td>
                        <td>Succeeded in 3.408s</td>
                    </tr>
                    <tr>
                        <td>
                            <pre class="log">When Enter &quot;InCorrectUser&quot; in UserName field and &quot;InCorrectPassword&quot; in Password field</pre>
                        </td>
                        <td>
                            <!-- [TestAct: Scenario - Logging in with Invalid credentials] -->
                            <pre class="log">done: LoginSteps.WhenIEnterInUserNameAndInPassword(&quot;InCorrectUser&quot;, &quot;InCorrectPassword&quot;) (0.4s)</pre>
                        </td>
                        <td>Succeeded in 0.402s</td>
                    </tr>
                    <tr>
                        <td>
                            <pre class="log">And Click on login button</pre>
                        </td>
                        <td>
                            <!-- [TestAct: Scenario - Logging in with Invalid credentials] -->
                            <pre class="log">done: LoginSteps.WhenClickOnLoginButton() (1.7s)</pre>
                        </td>
                        <td>Succeeded in 1.732s</td>
                    </tr>
                    <tr>
                        <td>
                            <pre class="log">Then &quot;LoginFailedMessage&quot; error message should be displayed in Login Page</pre>
                        </td>
                        <td>
                            <!-- [TestAssert: Scenario - Logging in with Invalid credentials] -->
                            <pre class="log">done: LoginSteps.ThenErrorMessageShouldBeDisplayedInLoginPage(&quot;LoginFailedMessage&quot;) (0.1s)</pre>
                        </td>
                        <td>Succeeded in 0.062s</td>
                    </tr>
                    <tr>
                        <td>
                            <pre class="log">And Close the Application</pre>
                        </td>
                        <td>
                            <!-- [TestAssert: Scenario - Logging in with Invalid credentials] -->
                            <pre class="log">done: LoginSteps.ThenClosetheApplication() (1.4s)</pre>
                        </td>
                        <td>Succeeded in 1.439s</td>
                    </tr>
            </table>
	</body>
</html>