2020-11-30T08:08:40.6849019+05:30;VSTestExecutionThread;Info;SpecFlow+Runner execution started
2020-11-30T08:08:40.6849019+05:30;VSTestExecutionThread;Info;SpecFlow+Runner 3.5.8 in Framework clr40 in x86 mode execution started
2020-11-30T08:08:40.6849019+05:30;VSTestExecutionThread;Info;TestAdapter Location: C:\Users\gnaneshwar.kondapaka\Desktop\Assignments\ClassLibraryDotNetFrameWorkSolution\packages\SpecRun.Runner.3.5.8\tools\net461\TechTalk.SpecRun.VisualStudio.TestAdapter.dll
2020-11-30T08:08:40.6849019+05:30;VSTestExecutionThread;Info;Current UserName: 'gnaneshwar.kondapaka', MachineName: 'GGK-UPL-DEV-FC'
2020-11-30T08:08:40.7909091+05:30;VSTestExecutionThread;Info;SpecRun: running tests in C:\Users\gnaneshwar.kondapaka\Desktop\Assignments\ClassLibraryDotNetFrameWorkSolution\ClassLibraryDotNetFrameWork\bin\Debug\ClassLibraryDotNetFrameWork.dll
2020-11-30T08:08:40.7909091+05:30;VSTestExecutionThread;Info;Output folder configured to "C:\Users\gnaneshwar.kondapaka\Desktop\Assignments\ClassLibraryDotNetFrameWorkSolution\TestResults" (default)
2020-11-30T08:08:40.7919092+05:30;VSTestExecutionThread;Info;Profile: 
2020-11-30T08:08:40.8919161+05:30;VSTestExecutionThread;Info;Log file path: C:\Users\gnaneshwar.kondapaka\Desktop\Assignments\ClassLibraryDotNetFrameWorkSolution\TestResults\Unnamed project__2020-11-30T080840.log
2020-11-30T08:08:40.9019166+05:30;Thread#11;Info;Checking activation
2020-11-30T08:08:41.0239252+05:30;Thread#11;Info;Activated.
2020-11-30T08:08:41.0249257+05:30;Thread#11;Info;Activation check completed
2020-11-30T08:08:41.0249257+05:30;Thread#11;Info;Starting test run
2020-11-30T08:08:41.1009309+05:30;Thread#11;Info;Discovering target: Default
2020-11-30T08:08:41.1009309+05:30;Thread#11;Info;Discovering tests from assembly: C:\Users\gnaneshwar.kondapaka\Desktop\Assignments\ClassLibraryDotNetFrameWorkSolution\ClassLibraryDotNetFrameWork\bin\Debug\ClassLibraryDotNetFrameWork.dll
2020-11-30T08:08:41.7459740+05:30;Thread#11;Info;Discovered tests from assembly: C:\Users\gnaneshwar.kondapaka\Desktop\Assignments\ClassLibraryDotNetFrameWorkSolution\ClassLibraryDotNetFrameWork\bin\Debug\ClassLibraryDotNetFrameWork.dll
2020-11-30T08:08:41.7469763+05:30:Test Suite Dump
2020-11-30T08:08:41.7489768+05:30:#0: Unnamed project/ - 
2020-11-30T08:08:41.7489768+05:30:#1: Default - 
2020-11-30T08:08:41.7489768+05:30:#2: ClassLibraryDotNetFrameWork - 
2020-11-30T08:08:41.7489768+05:30:#11: Login - 
2020-11-30T08:08:41.8129808+05:30:#12: Logging in with valid credentials - TestAssembly:ClassLibraryDotNetFrameWork/Feature:Login/Scenario:Logging+in+with+valid+credentials
2020-11-30T08:08:41.8129808+05:30:#13: Logging in with Invalid credentials - TestAssembly:ClassLibraryDotNetFrameWork/Feature:Login/Scenario:Logging+in+with+Invalid+credentials
2020-11-30T08:08:41.8129808+05:30:End: Test Suite Dump
2020-11-30T08:08:41.9169889+05:30:Thread#0:Scheduler: get next test for thread 0
2020-11-30T08:08:41.9199882+05:30:Thread#:Scheduler: testitem #12 from normal test queue 
2020-11-30T08:08:41.9199882+05:30:Thread#0:Scheduler: considering testitem #12 for thread 0
2020-11-30T08:08:41.9249889+05:30:Thread#0:TestItem#12:testItemMatchesCurrentTestThread:UnSpecific
2020-11-30T08:08:41.9249889+05:30:Thread#0:TestItem#12:runsOnOneOtherThreadSpecific:False
2020-11-30T08:08:41.9249889+05:30:Thread#0:TestItem#12:runsOnOneOtherThreadUnspecific:False
2020-11-30T08:08:41.9249889+05:30:Thread#0:Scheduler: using testitem #12 for thread 0
2020-11-30T08:08:41.9259889+05:30:Thread#0:Scheduler: Test #12 is scheduled for thread
2020-11-30T08:08:41.9269890+05:30:Thread#0:Scheduler: with testItemExecutionIndex 0
2020-11-30T08:08:41.9309892+05:30:Thread #0: creating new test thread executor for ClassLibraryDotNetFrameWork, Version=1.0.0.0, Culture=neutral, PublicKeyToken=null (target: Default)
2020-11-30T08:08:41.9329898+05:30:Thread #0: Creating test assembly executor for execution model AppDomain
2020-11-30T08:08:41.9379896+05:30:Thread #0: Creating test assembly executor for execution model AppDomain
2020-11-30T08:08:41.9399902+05:30:Thread #0: using TechTalk.SpecRun.Framework.Execution.InProcess.InProcAppDomainTestAssemblyExecutorHost to execute tests
2020-11-30T08:08:42.7980492+05:30:Thread#0:T:-> Loading plugin C:\Users\gnaneshwar.kondapaka\Desktop\Assignments\ClassLibraryDotNetFrameWorkSolution\ClassLibraryDotNetFrameWork\bin\Debug\SpecRun.Runtime.SpecFlowPlugin.dll
2020-11-30T08:08:42.8160524+05:30:Thread#0:T:-> Using default config
2020-11-30T08:08:44.0911414+05:30:Thread#0: Test #12/0 is started on thread #0
2020-11-30T08:08:44.1291440+05:30:Thread#0:B:Given Browser is launced
2020-11-30T08:08:51.0696319+05:30:Thread#0:T:done: LoginSteps.GivenBrowserIsLaunced() (6.9s)
2020-11-30T08:08:51.0706320+05:30:Thread#0:B:And Navigated to QualityPoint Application
2020-11-30T08:08:54.6038813+05:30:Thread#0:T:error:   Exception while navigating to Qualitypoint, Exception : System.ArgumentNullException: Argument 'url' cannot be null.
2020-11-30T08:08:54.6118813+05:30:Thread#0:T:Parameter name: value
2020-11-30T08:08:54.6228823+05:30:Thread#0:T:   at OpenQA.Selenium.Remote.RemoteWebDriver.set_Url(String value)
2020-11-30T08:08:54.6298827+05:30:Thread#0:T:   at OpenQA.Selenium.Remote.RemoteNavigator.GoToUrl(String url)
2020-11-30T08:08:54.6338834+05:30:Thread#0:T:   at Utils.PublicLibrary.NavigateToQualityPoint(String environment) in C:\Users\gnaneshwar.kondapaka\Desktop\Assignments\ClassLibraryDotNetFrameWorkSolution\ClassLibraryDotNetFrameWork\Utils\PublicLibrary.cs:line 87
2020-11-30T08:08:54.6378841+05:30:Thread#0:T:   at StepDefinations.LoginSteps.GivenNavigatedToQualityPointApplication() in C:\Users\gnaneshwar.kondapaka\Desktop\Assignments\ClassLibraryDotNetFrameWorkSolution\ClassLibraryDotNetFrameWork\StepDefinations\LoginSteps.cs:line 53
2020-11-30T08:08:54.6418838+05:30:Thread#0:T:  Expected: True
2020-11-30T08:08:54.6688862+05:30:Thread#0:T:  But was:  False
2020-11-30T08:08:54.6738861+05:30:Thread#0:B:When Enter "AdminUserName" in UserName field and "AdminPassword" in Password field
2020-11-30T08:08:54.6858867+05:30:Thread#0:T:skipped because of previous errors
2020-11-30T08:08:54.7008876+05:30:Thread#0:B:And Click on login button
2020-11-30T08:08:54.7058883+05:30:Thread#0:T:skipped because of previous errors
2020-11-30T08:08:54.7128887+05:30:Thread#0:B:Then Should be Navigated to "Report" Page
2020-11-30T08:08:54.7178894+05:30:Thread#0:T:skipped because of previous errors
2020-11-30T08:08:54.7278895+05:30:Thread#0:B:And Logout from the Application
2020-11-30T08:08:54.7318906+05:30:Thread#0:T:skipped because of previous errors
2020-11-30T08:08:54.7618914+05:30:Thread#0:TestItem#12:Scheduler: reschedule tests for testitem #12
2020-11-30T08:08:54.7698928+05:30:Thread#0:Scheduler: get next test for thread 0
2020-11-30T08:08:54.7698928+05:30:Thread#:Scheduler: dequeuing a rescheduled testitem: #12
2020-11-30T08:08:54.7698928+05:30:Thread#0:Scheduler: considering testitem #12 for thread 0
2020-11-30T08:08:54.7698928+05:30:Thread#0:TestItem#12:testItemMatchesCurrentTestThread:UnSpecific
2020-11-30T08:08:54.7698928+05:30:Thread#0:TestItem#12:runsOnOneOtherThreadSpecific:False
2020-11-30T08:08:54.7698928+05:30:Thread#0:TestItem#12:runsOnOneOtherThreadUnspecific:False
2020-11-30T08:08:54.7698928+05:30:Thread#0:Scheduler: using testitem #12 for thread 0
2020-11-30T08:08:54.7698928+05:30:Thread#0:Scheduler: Test #12 is scheduled for thread
2020-11-30T08:08:54.7698928+05:30:Thread#0:Scheduler: with testItemExecutionIndex 1
2020-11-30T08:08:54.8018950+05:30:Thread#0: Test #12/0 is finished on thread #0 as Failed within 10.7097535 seconds
2020-11-30T08:08:54.8078953+05:30:Thread#0: Test #12/1 is started on thread #0
2020-11-30T08:08:54.8118960+05:30:Thread#0:B:Given Browser is launced
2020-11-30T08:09:00.6053039+05:30:Thread#0:T:done: LoginSteps.GivenBrowserIsLaunced() (5.8s)
2020-11-30T08:09:00.6093037+05:30:Thread#0:B:And Navigated to QualityPoint Application
2020-11-30T08:09:03.6215141+05:30:Thread#0:T:error: Multiple failures or warnings in test:
2020-11-30T08:09:03.6315165+05:30:Thread#0:T:  1)   Exception while navigating to Qualitypoint, Exception : System.ArgumentNullException: Argument 'url' cannot be null.
2020-11-30T08:09:03.6415175+05:30:Thread#0:T:Parameter name: value
2020-11-30T08:09:03.6575295+05:30:Thread#0:T:   at OpenQA.Selenium.Remote.RemoteWebDriver.set_Url(String value)
2020-11-30T08:09:03.6705213+05:30:Thread#0:T:   at OpenQA.Selenium.Remote.RemoteNavigator.GoToUrl(String url)
2020-11-30T08:09:03.6785218+05:30:Thread#0:T:   at Utils.PublicLibrary.NavigateToQualityPoint(String environment) in C:\Users\gnaneshwar.kondapaka\Desktop\Assignments\ClassLibraryDotNetFrameWorkSolution\ClassLibraryDotNetFrameWork\Utils\PublicLibrary.cs:line 87
2020-11-30T08:09:03.6845217+05:30:Thread#0:T:   at StepDefinations.LoginSteps.GivenNavigatedToQualityPointApplication() in C:\Users\gnaneshwar.kondapaka\Desktop\Assignments\ClassLibraryDotNetFrameWorkSolution\ClassLibraryDotNetFrameWork\StepDefinations\LoginSteps.cs:line 53
2020-11-30T08:09:03.6925212+05:30:Thread#0:T:  Expected: True
2020-11-30T08:09:03.7055233+05:30:Thread#0:T:  But was:  False
2020-11-30T08:09:03.7125237+05:30:Thread#0:T:  2)   Exception while navigating to Qualitypoint, Exception : System.ArgumentNullException: Argument 'url' cannot be null.
2020-11-30T08:09:03.7205241+05:30:Thread#0:T:Parameter name: value
2020-11-30T08:09:03.7245225+05:30:Thread#0:T:   at OpenQA.Selenium.Remote.RemoteWebDriver.set_Url(String value)
2020-11-30T08:09:03.7295237+05:30:Thread#0:T:   at OpenQA.Selenium.Remote.RemoteNavigator.GoToUrl(String url)
2020-11-30T08:09:03.7465265+05:30:Thread#0:T:   at Utils.PublicLibrary.NavigateToQualityPoint(String environment) in C:\Users\gnaneshwar.kondapaka\Desktop\Assignments\ClassLibraryDotNetFrameWorkSolution\ClassLibraryDotNetFrameWork\Utils\PublicLibrary.cs:line 87
2020-11-30T08:09:03.7565270+05:30:Thread#0:T:   at StepDefinations.LoginSteps.GivenNavigatedToQualityPointApplication() in C:\Users\gnaneshwar.kondapaka\Desktop\Assignments\ClassLibraryDotNetFrameWorkSolution\ClassLibraryDotNetFrameWork\StepDefinations\LoginSteps.cs:line 53
2020-11-30T08:09:03.7635274+05:30:Thread#0:T:  Expected: True
2020-11-30T08:09:03.7765277+05:30:Thread#0:T:  But was:  False
2020-11-30T08:09:03.7835281+05:30:Thread#0:B:When Enter "AdminUserName" in UserName field and "AdminPassword" in Password field
2020-11-30T08:09:03.7885275+05:30:Thread#0:T:skipped because of previous errors
2020-11-30T08:09:03.7925281+05:30:Thread#0:B:And Click on login button
2020-11-30T08:09:03.7965297+05:30:Thread#0:T:skipped because of previous errors
2020-11-30T08:09:03.8075294+05:30:Thread#0:B:Then Should be Navigated to "Report" Page
2020-11-30T08:09:03.8125283+05:30:Thread#0:T:skipped because of previous errors
2020-11-30T08:09:03.8165295+05:30:Thread#0:B:And Logout from the Application
2020-11-30T08:09:03.8205301+05:30:Thread#0:T:skipped because of previous errors
2020-11-30T08:09:03.8295302+05:30:Thread#0:Scheduler: get next test for thread 0
2020-11-30T08:09:03.8295302+05:30:Thread#:Scheduler: dequeuing a rescheduled testitem: #12
2020-11-30T08:09:03.8295302+05:30:Thread#0:Scheduler: considering testitem #12 for thread 0
2020-11-30T08:09:03.8295302+05:30:Thread#0:TestItem#12:testItemMatchesCurrentTestThread:UnSpecific
2020-11-30T08:09:03.8295302+05:30:Thread#0:TestItem#12:runsOnOneOtherThreadSpecific:False
2020-11-30T08:09:03.8295302+05:30:Thread#0:TestItem#12:runsOnOneOtherThreadUnspecific:False
2020-11-30T08:09:03.8295302+05:30:Thread#0:Scheduler: using testitem #12 for thread 0
2020-11-30T08:09:03.8295302+05:30:Thread#0:Scheduler: Test #12 is scheduled for thread
2020-11-30T08:09:03.8295302+05:30:Thread#0:Scheduler: with testItemExecutionIndex 2
2020-11-30T08:09:03.8475316+05:30:Thread#0: Test #12/1 is finished on thread #0 as Failed within 9.0396363 seconds
2020-11-30T08:09:03.8535324+05:30:Thread#0: Test #12/2 is started on thread #0
2020-11-30T08:09:03.8565317+05:30:Thread#0:B:Given Browser is launced
2020-11-30T08:09:10.4039924+05:30:Thread#0:T:done: LoginSteps.GivenBrowserIsLaunced() (6.5s)
2020-11-30T08:09:10.4079931+05:30:Thread#0:B:And Navigated to QualityPoint Application
